Log file open, 11/26/19 12:00:37
LogWindows: Failed to load 'aqProf.dll' (GetLastError=126)
LogWindows: File 'aqProf.dll' does not exist
LogWindows: Failed to load 'VtuneApi.dll' (GetLastError=126)
LogWindows: File 'VtuneApi.dll' does not exist
LogWindows: Failed to load 'VtuneApi32e.dll' (GetLastError=126)
LogWindows: File 'VtuneApi32e.dll' does not exist
LogConsoleResponse: Display: Failed to find resolution value strings in scalability ini. Falling back to default.
LogInit: Display: Running engine for game: Demo
LogPakFile: Registered encryption key '00000000000000000000000000000000': 0 pak files mounted, 0 remain pending
LogPlatformFile: Not using cached read wrapper
LogTaskGraph: Started task graph with 5 named threads and 23 total threads with 3 sets of task threads.
LogStats: Stats thread started at 0.319527
LogD3D11RHI: Loaded GFSDK_Aftermath_Lib.x64.dll
LogICUInternationalization: ICU TimeZone Detection - Raw Offset: -6:00, Platform Override: ''
LogPluginManager: Mounting plugin Paper2D
LogPluginManager: Mounting plugin AISupport
LogPluginManager: Mounting plugin LightPropagationVolume
LogPluginManager: Mounting plugin ActorLayerUtilities
LogPluginManager: Mounting plugin AnimationSharing
LogPluginManager: Mounting plugin CLionSourceCodeAccess
LogPluginManager: Mounting plugin CodeLiteSourceCodeAccess
LogPluginManager: Mounting plugin GitSourceControl
LogPluginManager: Mounting plugin KDevelopSourceCodeAccess
LogPluginManager: Mounting plugin NullSourceCodeAccess
LogPluginManager: Mounting plugin PerforceSourceControl
LogPluginManager: Mounting plugin SubversionSourceControl
LogPluginManager: Mounting plugin UObjectPlugin
LogPluginManager: Mounting plugin VisualStudioCodeSourceCodeAccess
LogPluginManager: Mounting plugin VisualStudioSourceCodeAccess
LogPluginManager: Mounting plugin XCodeSourceCodeAccess
LogPluginManager: Mounting plugin AssetManagerEditor
LogPluginManager: Mounting plugin CryptoKeys
LogPluginManager: Mounting plugin DataValidation
LogPluginManager: Mounting plugin FacialAnimation
LogPluginManager: Mounting plugin GameplayTagsEditor
LogPluginManager: Mounting plugin MacGraphicsSwitching
LogPluginManager: Mounting plugin MaterialAnalyzer
LogPluginManager: Mounting plugin MobileLauncherProfileWizard
LogPluginManager: Mounting plugin PluginBrowser
LogPluginManager: Mounting plugin SpeedTreeImporter
LogPluginManager: Mounting plugin DatasmithContent
LogPluginManager: Mounting plugin VariantManagerContent
LogPluginManager: Mounting plugin AlembicImporter
LogPluginManager: Mounting plugin AppleImageUtils
LogPluginManager: Mounting plugin AppleVision
LogPluginManager: Mounting plugin BackChannel
LogPluginManager: Mounting plugin CharacterAI
LogPluginManager: Mounting plugin GeometryCache
LogPluginManager: Mounting plugin HTML5Networking
LogPluginManager: Mounting plugin ProxyLODPlugin
LogPluginManager: Mounting plugin SkeletalReduction
LogPluginManager: Mounting plugin MagicLeap
LogPluginManager: Mounting plugin MagicLeapMedia
LogPluginManager: Mounting plugin AndroidMedia
LogPluginManager: Mounting plugin AvfMedia
LogPluginManager: Mounting plugin ImgMedia
LogPluginManager: Mounting plugin LinearTimecode
LogPluginManager: Mounting plugin MediaCompositing
LogPluginManager: Mounting plugin MediaPlayerEditor
LogPluginManager: Mounting plugin WebMMedia
LogPluginManager: Mounting plugin WmfMedia
LogPluginManager: Mounting plugin TcpMessaging
LogPluginManager: Mounting plugin UdpMessaging
LogPluginManager: Mounting plugin ActorSequence
LogPluginManager: Mounting plugin LevelSequenceEditor
LogPluginManager: Mounting plugin MatineeToLevelSequence
LogPluginManager: Mounting plugin NetcodeUnitTest
LogPluginManager: Mounting plugin NUTUnrealEngine4
LogPluginManager: Mounting plugin OnlineSubsystemGooglePlay
LogPluginManager: Mounting plugin OnlineSubsystemIOS
LogPluginManager: Mounting plugin OnlineSubsystem
LogPluginManager: Mounting plugin OnlineSubsystemNull
LogPluginManager: Mounting plugin OnlineSubsystemUtils
LogPluginManager: Mounting plugin LauncherChunkInstaller
LogPluginManager: Mounting plugin AndroidDeviceProfileSelector
LogPluginManager: Mounting plugin AndroidMoviePlayer
LogPluginManager: Mounting plugin AndroidPermission
LogPluginManager: Mounting plugin AppleMoviePlayer
LogPluginManager: Mounting plugin ArchVisCharacter
LogPluginManager: Mounting plugin AudioCapture
LogPluginManager: Mounting plugin CableComponent
LogPluginManager: Mounting plugin CustomMeshComponent
LogPluginManager: Mounting plugin EditableMesh
LogPluginManager: Mounting plugin ExampleDeviceProfileSelector
LogPluginManager: Mounting plugin Firebase
LogPluginManager: Mounting plugin GoogleCloudMessaging
LogPluginManager: Mounting plugin IOSDeviceProfileSelector
LogPluginManager: Mounting plugin LinuxDeviceProfileSelector
LogPluginManager: Mounting plugin LocationServicesBPLibrary
LogPluginManager: Mounting plugin MobilePatchingUtils
LogPluginManager: Mounting plugin OculusVR
LogPluginManager: Mounting plugin PhysXVehicles
LogPluginManager: Mounting plugin ProceduralMeshComponent
LogPluginManager: Mounting plugin RuntimePhysXCooking
LogPluginManager: Mounting plugin SignificanceManager
LogPluginManager: Mounting plugin SteamVR
LogPluginManager: Mounting plugin WebMMoviePlayer
LogPluginManager: Mounting plugin WindowsMoviePlayer
LogInit: Using libcurl 7.55.1-DEV
LogInit:  - built for x86_64-pc-win32
LogInit:  - supports SSL with OpenSSL/1.1.1
LogInit:  - supports HTTP deflate (compression) using libz 1.2.8
LogInit:  - other features:
LogInit:      CURL_VERSION_SSL
LogInit:      CURL_VERSION_LIBZ
LogInit:      CURL_VERSION_IPV6
LogInit:      CURL_VERSION_ASYNCHDNS
LogInit:      CURL_VERSION_LARGEFILE
LogInit:      CURL_VERSION_IDN
LogInit:  CurlRequestOptions (configurable via config and command line):
LogInit:  - bVerifyPeer = true  - Libcurl will verify peer certificate
LogInit:  - bUseHttpProxy = false  - Libcurl will NOT use HTTP proxy
LogInit:  - bDontReuseConnections = false  - Libcurl will reuse connections
LogInit:  - MaxHostConnections = 16  - Libcurl will limit the number of connections to a host
LogInit:  - LocalHostAddr = Default
LogInit:  - BufferSize = 65536
LogInit: WinSock: version 1.1 (2.2), MaxSocks=32767, MaxUdp=65467
LogInit: Build: ++UE4+Release-4.22-CL-7053642
LogInit: Engine Version: 4.22.3-7053642+++UE4+Release-4.22
LogInit: Compatible Engine Version: 4.22.0-5660361+++UE4+Release-4.22
LogInit: Net CL: 5660361
LogInit: OS: Windows 10 (Release 1903) (), CPU: Intel(R) Core(TM) i7-6700HQ CPU @ 2.60GHz, GPU: Intel(R) HD Graphics 530
LogInit: Compiled (64-bit): Jun 18 2019 03:09:11
LogInit: Compiled with Visual C++: 19.16.27025.01
LogInit: Build Configuration: Development
LogInit: Branch Name: ++UE4+Release-4.22
LogInit: Command Line: 
LogInit: Base Directory: C:/Program Files/Epic Games/UE_4.22/Engine/Binaries/Win64/
LogInit: Installed Engine Build: 1
LogDevObjectVersion: Number of dev versions registered: 23
LogDevObjectVersion:   Dev-Blueprints (B0D832E4-1F89-4F0D-ACCF-7EB736FD4AA2): 10
LogDevObjectVersion:   Dev-Build (E1C64328-A22C-4D53-A36C-8E866417BD8C): 0
LogDevObjectVersion:   Dev-Core (375EC13C-06E4-48FB-B500-84F0262A717E): 3
LogDevObjectVersion:   Dev-Editor (E4B068ED-F494-42E9-A231-DA0B2E46BB41): 30
LogDevObjectVersion:   Dev-Framework (CFFC743F-43B0-4480-9391-14DF171D2073): 35
LogDevObjectVersion:   Dev-Mobile (B02B49B5-BB20-44E9-A304-32B752E40360): 2
LogDevObjectVersion:   Dev-Networking (A4E4105C-59A1-49B5-A7C5-40C4547EDFEE): 0
LogDevObjectVersion:   Dev-Online (39C831C9-5AE6-47DC-9A44-9C173E1C8E7C): 0
LogDevObjectVersion:   Dev-Physics (78F01B33-EBEA-4F98-B9B4-84EACCB95AA2): 0
LogDevObjectVersion:   Dev-Platform (6631380F-2D4D-43E0-8009-CF276956A95A): 0
LogDevObjectVersion:   Dev-Rendering (12F88B9F-8875-4AFC-A67C-D90C383ABD29): 28
LogDevObjectVersion:   Dev-Sequencer (7B5AE74C-D270-4C10-A958-57980B212A5A): 11
LogDevObjectVersion:   Dev-VR (D7296918-1DD6-4BDD-9DE2-64A83CC13884): 2
LogDevObjectVersion:   Dev-LoadTimes (C2A15278-BFE7-4AFE-6C17-90FF531DF755): 1
LogDevObjectVersion:   Private-Geometry (6EACA3D4-40EC-4CC1-B786-8BED09428FC5): 3
LogDevObjectVersion:   Dev-AnimPhys (29E575DD-E0A3-4627-9D10-D276232CDCEA): 17
LogDevObjectVersion:   Dev-Anim (AF43A65D-7FD3-4947-9873-3E8ED9C1BB05): 2
LogDevObjectVersion:   Dev-ReflectionCapture (6B266CEC-1EC7-4B8F-A30B-E4D90942FC07): 1
LogDevObjectVersion:   Dev-Automation (0DF73D61-A23F-47EA-B727-89E90C41499A): 1
LogDevObjectVersion:   FortniteMain (601D1886-AC64-4F84-AA16-D3DE0DEAC7D6): 25
LogDevObjectVersion:   Dev-Enterprise (9DFFBCD6-494F-0158-E221-12823C92A888): 6
LogDevObjectVersion:   Dev-Niagara (F2AED0AC-9AFE-416F-8664-AA7FFA26D6FC): 1
LogDevObjectVersion:   Dev-Destruction (174F1F0B-B4C6-45A5-B13F-2EE8D0FB917D): 2
LogInit: Presizing for max 16777216 objects, including 0 objects not considered by GC, pre-allocating 0 bytes for permanent pool.
LogInit: Object subsystem initialized
LogConfig: Setting CVar [[con.DebugEarlyDefault:1]]
LogConfig: Setting CVar [[r.setres:1280x720]]
[2019.11.26-18.00.39:056][  0]LogConfig: Setting CVar [[r.VSync:0]]
[2019.11.26-18.00.39:056][  0]LogConfig: Setting CVar [[r.RHICmdBypass:0]]
[2019.11.26-18.00.39:056][  0]LogConfig: Applying CVar settings from Section [/Script/Engine.RendererSettings] File [D:/GITHUB/The_Gathering_Game/Demo/Saved/Config/Windows/Engine.ini]
[2019.11.26-18.00.39:056][  0]LogConfig: Setting CVar [[r.GPUCrashDebugging:0]]
[2019.11.26-18.00.39:056][  0]LogConfig: Setting CVar [[r.MobileHDR:1]]
[2019.11.26-18.00.39:057][  0]LogConfig: Setting CVar [[r.Mobile.DisableVertexFog:1]]
[2019.11.26-18.00.39:057][  0]LogConfig: Setting CVar [[r.Shadow.CSM.MaxMobileCascades:2]]
[2019.11.26-18.00.39:057][  0]LogConfig: Setting CVar [[r.MobileMSAA:1]]
[2019.11.26-18.00.39:057][  0]LogConfig: Setting CVar [[r.Mobile.UseLegacyShadingModel:0]]
[2019.11.26-18.00.39:057][  0]LogConfig: Setting CVar [[r.Mobile.UseHWsRGBEncoding:0]]
[2019.11.26-18.00.39:057][  0]LogConfig: Setting CVar [[r.Mobile.AllowDitheredLODTransition:0]]
[2019.11.26-18.00.39:057][  0]LogConfig: Setting CVar [[r.Mobile.AllowSoftwareOcclusion:0]]
[2019.11.26-18.00.39:057][  0]LogConfig: Setting CVar [[r.DiscardUnusedQuality:0]]
[2019.11.26-18.00.39:057][  0]LogConfig: Setting CVar [[r.AllowOcclusionQueries:1]]
[2019.11.26-18.00.39:057][  0]LogConfig: Setting CVar [[r.MinScreenRadiusForLights:0.030000]]
[2019.11.26-18.00.39:057][  0]LogConfig: Setting CVar [[r.MinScreenRadiusForDepthPrepass:0.030000]]
[2019.11.26-18.00.39:057][  0]LogConfig: Setting CVar [[r.MinScreenRadiusForCSMDepth:0.010000]]
[2019.11.26-18.00.39:057][  0]LogConfig: Setting CVar [[r.PrecomputedVisibilityWarning:0]]
[2019.11.26-18.00.39:057][  0]LogConfig: Setting CVar [[r.TextureStreaming:1]]
[2019.11.26-18.00.39:057][  0]LogConfig: Setting CVar [[Compat.UseDXT5NormalMaps:0]]
[2019.11.26-18.00.39:057][  0]LogConfig: Setting CVar [[r.ClearCoatNormal:0]]
[2019.11.26-18.00.39:057][  0]LogConfig: Setting CVar [[r.ReflectionCaptureResolution:128]]
[2019.11.26-18.00.39:057][  0]LogConfig: Setting CVar [[r.ReflectionEnvironmentLightmapMixBasedOnRoughness:1]]
[2019.11.26-18.00.39:057][  0]LogConfig: Setting CVar [[r.ForwardShading:0]]
[2019.11.26-18.00.39:057][  0]LogConfig: Setting CVar [[r.VertexFoggingForOpaque:1]]
[2019.11.26-18.00.39:057][  0]LogConfig: Setting CVar [[r.AllowStaticLighting:1]]
[2019.11.26-18.00.39:057][  0]LogConfig: Setting CVar [[r.NormalMapsForStaticLighting:0]]
[2019.11.26-18.00.39:057][  0]LogConfig: Setting CVar [[r.GenerateMeshDistanceFields:0]]
[2019.11.26-18.00.39:057][  0]LogConfig: Setting CVar [[r.DistanceFieldBuild.EightBit:0]]
[2019.11.26-18.00.39:057][  0]LogConfig: Setting CVar [[r.GenerateLandscapeGIData:0]]
[2019.11.26-18.00.39:057][  0]LogConfig: Setting CVar [[r.DistanceFieldBuild.Compress:0]]
[2019.11.26-18.00.39:057][  0]LogConfig: Setting CVar [[r.TessellationAdaptivePixelsPerTriangle:48.000000]]
[2019.11.26-18.00.39:057][  0]LogConfig: Setting CVar [[r.SeparateTranslucency:1]]
[2019.11.26-18.00.39:057][  0]LogConfig: Setting CVar [[r.TranslucentSortPolicy:0]]
[2019.11.26-18.00.39:057][  0]LogConfig: Setting CVar [[r.CustomDepth:1]]
[2019.11.26-18.00.39:058][  0]LogConfig: Setting CVar [[r.CustomDepthTemporalAAJitter:1]]
[2019.11.26-18.00.39:058][  0]LogConfig: Setting CVar [[r.PostProcessing.PropagateAlpha:0]]
[2019.11.26-18.00.39:058][  0]LogConfig: Setting CVar [[r.DOF.Algorithm:1]]
[2019.11.26-18.00.39:058][  0]LogConfig: Setting CVar [[r.DefaultFeature.Bloom:1]]
[2019.11.26-18.00.39:058][  0]LogConfig: Setting CVar [[r.DefaultFeature.AmbientOcclusion:1]]
[2019.11.26-18.00.39:058][  0]LogConfig: Setting CVar [[r.DefaultFeature.AmbientOcclusionStaticFraction:1]]
[2019.11.26-18.00.39:058][  0]LogConfig: Setting CVar [[r.DefaultFeature.AutoExposure:1]]
[2019.11.26-18.00.39:058][  0]LogConfig: Setting CVar [[r.DefaultFeature.AutoExposure.Method:0]]
[2019.11.26-18.00.39:058][  0]LogConfig: Setting CVar [[r.DefaultFeature.AutoExposure.ExtendDefaultLuminanceRange:0]]
[2019.11.26-18.00.39:058][  0]LogConfig: Setting CVar [[r.UsePreExposure:0]]
[2019.11.26-18.00.39:058][  0]LogConfig: Setting CVar [[r.DefaultFeature.MotionBlur:1]]
[2019.11.26-18.00.39:058][  0]LogConfig: Setting CVar [[r.DefaultFeature.LensFlare:0]]
[2019.11.26-18.00.39:058][  0]LogConfig: Setting CVar [[r.TemporalAA.Upsampling:0]]
[2019.11.26-18.00.39:058][  0]LogConfig: Setting CVar [[r.DefaultFeature.AntiAliasing:2]]
[2019.11.26-18.00.39:058][  0]LogConfig: Setting CVar [[r.DefaultFeature.LightUnits:1]]
[2019.11.26-18.00.39:058][  0]LogConfig: Setting CVar [[r.DefaultBackBufferPixelFormat:4]]
[2019.11.26-18.00.39:058][  0]LogConfig: Setting CVar [[r.Shadow.UnbuiltPreviewInGame:1]]
[2019.11.26-18.00.39:058][  0]LogConfig: Setting CVar [[r.StencilForLODDither:0]]
[2019.11.26-18.00.39:058][  0]LogConfig: Setting CVar [[r.EarlyZPass:3]]
[2019.11.26-18.00.39:060][  0]LogConfig: Setting CVar [[r.EarlyZPassOnlyMaterialMasking:0]]
[2019.11.26-18.00.39:060][  0]LogConfig: Setting CVar [[r.DBuffer:1]]
[2019.11.26-18.00.39:060][  0]LogConfig: Setting CVar [[r.ClearSceneMethod:1]]
[2019.11.26-18.00.39:060][  0]LogConfig: Setting CVar [[r.BasePassOutputsVelocity:0]]
[2019.11.26-18.00.39:060][  0]LogConfig: Setting CVar [[r.SelectiveBasePassOutputs:0]]
[2019.11.26-18.00.39:060][  0]LogConfig: Setting CVar [[fx.GPUSimulationTextureSizeX:1024]]
[2019.11.26-18.00.39:060][  0]LogConfig: Setting CVar [[fx.GPUSimulationTextureSizeY:1024]]
[2019.11.26-18.00.39:060][  0]LogConfig: Setting CVar [[r.AllowGlobalClipPlane:0]]
[2019.11.26-18.00.39:060][  0]LogConfig: Setting CVar [[r.GBufferFormat:1]]
[2019.11.26-18.00.39:060][  0]LogConfig: Setting CVar [[r.MorphTarget.Mode:1]]
[2019.11.26-18.00.39:060][  0]LogConfig: Setting CVar [[vr.InstancedStereo:0]]
[2019.11.26-18.00.39:060][  0]LogConfig: Setting CVar [[vr.MultiView:0]]
[2019.11.26-18.00.39:060][  0]LogConfig: Setting CVar [[vr.MobileMultiView:0]]
[2019.11.26-18.00.39:060][  0]LogConfig: Setting CVar [[vr.MobileMultiView.Direct:0]]
[2019.11.26-18.00.39:060][  0]LogConfig: Setting CVar [[vr.RoundRobinOcclusion:0]]
[2019.11.26-18.00.39:061][  0]LogConfig: Setting CVar [[vr.ODSCapture:0]]
[2019.11.26-18.00.39:061][  0]LogConfig: Setting CVar [[r.WireframeCullThreshold:5.000000]]
[2019.11.26-18.00.39:061][  0]LogConfig: Setting CVar [[r.RayTracing:0]]
[2019.11.26-18.00.39:061][  0]LogConfig: Setting CVar [[r.SupportStationarySkylight:1]]
[2019.11.26-18.00.39:061][  0]LogConfig: Setting CVar [[r.SupportLowQualityLightmaps:1]]
[2019.11.26-18.00.39:061][  0]LogConfig: Setting CVar [[r.SupportPointLightWholeSceneShadows:1]]
[2019.11.26-18.00.39:061][  0]LogConfig: Setting CVar [[r.SupportAtmosphericFog:1]]
[2019.11.26-18.00.39:061][  0]LogConfig: Setting CVar [[r.SkinCache.CompileShaders:0]]
[2019.11.26-18.00.39:061][  0]LogConfig: Setting CVar [[r.Mobile.EnableStaticAndCSMShadowReceivers:1]]
[2019.11.26-18.00.39:061][  0]LogConfig: Setting CVar [[r.Mobile.EnableMovableLightCSMShaderCulling:1]]
[2019.11.26-18.00.39:061][  0]LogConfig: Setting CVar [[r.Mobile.AllowDistanceFieldShadows:1]]
[2019.11.26-18.00.39:061][  0]LogConfig: Setting CVar [[r.Mobile.AllowMovableDirectionalLights:1]]
[2019.11.26-18.00.39:061][  0]LogConfig: Setting CVar [[r.MobileNumDynamicPointLights:4]]
[2019.11.26-18.00.39:061][  0]LogConfig: Setting CVar [[r.MobileDynamicPointLightsUseStaticBranch:1]]
[2019.11.26-18.00.39:061][  0]LogConfig: Setting CVar [[r.Mobile.EnableMovableSpotlights:0]]
[2019.11.26-18.00.39:061][  0]LogConfig: Setting CVar [[r.SkinCache.SceneMemoryLimitInMB:128.000000]]
[2019.11.26-18.00.39:061][  0]LogConfig: Setting CVar [[r.GPUSkin.Limit2BoneInfluences:0]]
[2019.11.26-18.00.39:061][  0]LogConfig: Setting CVar [[r.SupportDepthOnlyIndexBuffers:1]]
[2019.11.26-18.00.39:061][  0]LogConfig: Setting CVar [[r.SupportReversedIndexBuffers:1]]
[2019.11.26-18.00.39:061][  0]LogConfig: Setting CVar [[r.SupportMaterialLayers:0]]
[2019.11.26-18.00.39:061][  0]LogConfig: Applying CVar settings from Section [/Script/Engine.RendererOverrideSettings] File [D:/GITHUB/The_Gathering_Game/Demo/Saved/Config/Windows/Engine.ini]
[2019.11.26-18.00.39:061][  0]LogConfig: Applying CVar settings from Section [/Script/Engine.StreamingSettings] File [D:/GITHUB/The_Gathering_Game/Demo/Saved/Config/Windows/Engine.ini]
[2019.11.26-18.00.39:061][  0]LogConfig: Setting CVar [[s.MinBulkDataSizeForAsyncLoading:131072]]
[2019.11.26-18.00.39:061][  0]LogConfig: Setting CVar [[s.AsyncLoadingThreadEnabled:0]]
[2019.11.26-18.00.39:061][  0]LogConfig: Setting CVar [[s.EventDrivenLoaderEnabled:1]]
[2019.11.26-18.00.39:061][  0]LogConfig: Setting CVar [[s.WarnIfTimeLimitExceeded:0]]
[2019.11.26-18.00.39:061][  0]LogConfig: Setting CVar [[s.TimeLimitExceededMultiplier:1.5]]
[2019.11.26-18.00.39:061][  0]LogConfig: Setting CVar [[s.TimeLimitExceededMinTime:0.005]]
[2019.11.26-18.00.39:061][  0]LogConfig: Setting CVar [[s.UseBackgroundLevelStreaming:1]]
[2019.11.26-18.00.39:061][  0]LogConfig: Setting CVar [[s.PriorityAsyncLoadingExtraTime:15.0]]
[2019.11.26-18.00.39:061][  0]LogConfig: Setting CVar [[s.LevelStreamingActorsUpdateTimeLimit:5.0]]
[2019.11.26-18.00.39:061][  0]LogConfig: Setting CVar [[s.PriorityLevelStreamingActorsUpdateExtraTime:5.0]]
[2019.11.26-18.00.39:062][  0]LogConfig: Setting CVar [[s.LevelStreamingComponentsRegistrationGranularity:10]]
[2019.11.26-18.00.39:062][  0]LogConfig: Setting CVar [[s.UnregisterComponentsTimeLimit:1.0]]
[2019.11.26-18.00.39:062][  0]LogConfig: Setting CVar [[s.LevelStreamingComponentsUnregistrationGranularity:5]]
[2019.11.26-18.00.39:062][  0]LogConfig: Applying CVar settings from Section [/Script/Engine.GarbageCollectionSettings] File [D:/GITHUB/The_Gathering_Game/Demo/Saved/Config/Windows/Engine.ini]
[2019.11.26-18.00.39:062][  0]LogConfig: Setting CVar [[gc.MaxObjectsNotConsideredByGC:1]]
[2019.11.26-18.00.39:062][  0]LogConfig: Setting CVar [[gc.SizeOfPermanentObjectPool:0]]
[2019.11.26-18.00.39:062][  0]LogConfig: Setting CVar [[gc.FlushStreamingOnGC:0]]
[2019.11.26-18.00.39:062][  0]LogConfig: Setting CVar [[gc.NumRetriesBeforeForcingGC:10]]
[2019.11.26-18.00.39:062][  0]LogConfig: Setting CVar [[gc.AllowParallelGC:1]]
[2019.11.26-18.00.39:062][  0]LogConfig: Setting CVar [[gc.TimeBetweenPurgingPendingKillObjects:61.1]]
[2019.11.26-18.00.39:062][  0]LogConfig: Setting CVar [[gc.MaxObjectsInEditor:16777216]]
[2019.11.26-18.00.39:062][  0]LogConfig: Setting CVar [[gc.IncrementalBeginDestroyEnabled:1]]
[2019.11.26-18.00.39:062][  0]LogConfig: Setting CVar [[gc.CreateGCClusters:1]]
[2019.11.26-18.00.39:062][  0]LogConfig: Setting CVar [[gc.MinGCClusterSize:5]]
[2019.11.26-18.00.39:062][  0]LogConfig: Setting CVar [[gc.ActorClusteringEnabled:0]]
[2019.11.26-18.00.39:062][  0]LogConfig: Setting CVar [[gc.BlueprintClusteringEnabled:0]]
[2019.11.26-18.00.39:062][  0]LogConfig: Setting CVar [[gc.UseDisregardForGCOnDedicatedServers:0]]
[2019.11.26-18.00.39:062][  0]LogConfig: Applying CVar settings from Section [/Script/Engine.NetworkSettings] File [D:/GITHUB/The_Gathering_Game/Demo/Saved/Config/Windows/Engine.ini]
[2019.11.26-18.00.39:062][  0]LogConfig: Applying CVar settings from Section [/Script/UnrealEd.CookerSettings] File [D:/GITHUB/The_Gathering_Game/Demo/Saved/Config/Windows/Engine.ini]
[2019.11.26-18.00.39:073][  0]LogConfig: Applying CVar settings from Section [ViewDistanceQuality@3] File [D:/GITHUB/The_Gathering_Game/Demo/Saved/Config/Windows/Scalability.ini]
[2019.11.26-18.00.39:073][  0]LogConfig: Setting CVar [[r.SkeletalMeshLODBias:0]]
[2019.11.26-18.00.39:073][  0]LogConfig: Setting CVar [[r.ViewDistanceScale:1.0]]
[2019.11.26-18.00.39:073][  0]LogConfig: Applying CVar settings from Section [AntiAliasingQuality@3] File [D:/GITHUB/The_Gathering_Game/Demo/Saved/Config/Windows/Scalability.ini]
[2019.11.26-18.00.39:073][  0]LogConfig: Setting CVar [[r.PostProcessAAQuality:4]]
[2019.11.26-18.00.39:073][  0]LogConfig: Applying CVar settings from Section [ShadowQuality@3] File [D:/GITHUB/The_Gathering_Game/Demo/Saved/Config/Windows/Scalability.ini]
[2019.11.26-18.00.39:073][  0]LogConfig: Setting CVar [[r.LightFunctionQuality:1]]
[2019.11.26-18.00.39:073][  0]LogConfig: Setting CVar [[r.ShadowQuality:5]]
[2019.11.26-18.00.39:073][  0]LogConfig: Setting CVar [[r.Shadow.CSM.MaxCascades:10]]
[2019.11.26-18.00.39:073][  0]LogConfig: Setting CVar [[r.Shadow.MaxResolution:2048]]
[2019.11.26-18.00.39:073][  0]LogConfig: Setting CVar [[r.Shadow.MaxCSMResolution:2048]]
[2019.11.26-18.00.39:073][  0]LogConfig: Setting CVar [[r.Shadow.RadiusThreshold:0.01]]
[2019.11.26-18.00.39:073][  0]LogConfig: Setting CVar [[r.Shadow.DistanceScale:1.0]]
[2019.11.26-18.00.39:073][  0]LogConfig: Setting CVar [[r.Shadow.CSM.TransitionScale:1.0]]
[2019.11.26-18.00.39:073][  0]LogConfig: Setting CVar [[r.Shadow.PreShadowResolutionFactor:1.0]]
[2019.11.26-18.00.39:073][  0]LogConfig: Setting CVar [[r.DistanceFieldShadowing:1]]
[2019.11.26-18.00.39:073][  0]LogConfig: Setting CVar [[r.DistanceFieldAO:1]]
[2019.11.26-18.00.39:073][  0]LogConfig: Setting CVar [[r.AOQuality:2]]
[2019.11.26-18.00.39:073][  0]LogConfig: Setting CVar [[r.VolumetricFog:1]]
[2019.11.26-18.00.39:073][  0]LogConfig: Setting CVar [[r.VolumetricFog.GridPixelSize:8]]
[2019.11.26-18.00.39:073][  0]LogConfig: Setting CVar [[r.VolumetricFog.GridSizeZ:128]]
[2019.11.26-18.00.39:073][  0]LogConfig: Setting CVar [[r.VolumetricFog.HistoryMissSupersampleCount:4]]
[2019.11.26-18.00.39:073][  0]LogConfig: Setting CVar [[r.LightMaxDrawDistanceScale:1]]
[2019.11.26-18.00.39:074][  0]LogConfig: Setting CVar [[r.CapsuleShadows:1]]
[2019.11.26-18.00.39:074][  0]LogConfig: Applying CVar settings from Section [PostProcessQuality@3] File [D:/GITHUB/The_Gathering_Game/Demo/Saved/Config/Windows/Scalability.ini]
[2019.11.26-18.00.39:074][  0]LogConfig: Setting CVar [[r.MotionBlurQuality:4]]
[2019.11.26-18.00.39:074][  0]LogConfig: Setting CVar [[r.AmbientOcclusionMipLevelFactor:0.4]]
[2019.11.26-18.00.39:074][  0]LogConfig: Setting CVar [[r.AmbientOcclusionMaxQuality:100]]
[2019.11.26-18.00.39:074][  0]LogConfig: Setting CVar [[r.AmbientOcclusionLevels:-1]]
[2019.11.26-18.00.39:074][  0]LogConfig: Setting CVar [[r.AmbientOcclusionRadiusScale:1.0]]
[2019.11.26-18.00.39:074][  0]LogConfig: Setting CVar [[r.DepthOfFieldQuality:2]]
[2019.11.26-18.00.39:074][  0]LogConfig: Setting CVar [[r.RenderTargetPoolMin:400]]
[2019.11.26-18.00.39:074][  0]LogConfig: Setting CVar [[r.LensFlareQuality:2]]
[2019.11.26-18.00.39:074][  0]LogConfig: Setting CVar [[r.SceneColorFringeQuality:1]]
[2019.11.26-18.00.39:074][  0]LogConfig: Setting CVar [[r.EyeAdaptationQuality:2]]
[2019.11.26-18.00.39:074][  0]LogConfig: Setting CVar [[r.BloomQuality:5]]
[2019.11.26-18.00.39:074][  0]LogConfig: Setting CVar [[r.FastBlurThreshold:100]]
[2019.11.26-18.00.39:074][  0]LogConfig: Setting CVar [[r.Upscale.Quality:3]]
[2019.11.26-18.00.39:074][  0]LogConfig: Setting CVar [[r.Tonemapper.GrainQuantization:1]]
[2019.11.26-18.00.39:074][  0]LogConfig: Setting CVar [[r.LightShaftQuality:1]]
[2019.11.26-18.00.39:074][  0]LogConfig: Setting CVar [[r.Filter.SizeScale:1]]
[2019.11.26-18.00.39:074][  0]LogConfig: Setting CVar [[r.Tonemapper.Quality:5]]
[2019.11.26-18.00.39:074][  0]LogConfig: Setting CVar [[r.DOF.Gather.AccumulatorQuality:1        ; higher gathering accumulator quality]]
[2019.11.26-18.00.39:074][  0]LogConfig: Setting CVar [[r.DOF.Gather.PostfilterMethod:1          ; Median3x3 postfilering method]]
[2019.11.26-18.00.39:074][  0]LogConfig: Setting CVar [[r.DOF.Gather.EnableBokehSettings:0       ; no bokeh simulation when gathering]]
[2019.11.26-18.00.39:074][  0]LogConfig: Setting CVar [[r.DOF.Gather.RingCount:4                 ; medium number of samples when gathering]]
[2019.11.26-18.00.39:074][  0]LogConfig: Setting CVar [[r.DOF.Scatter.ForegroundCompositing:1    ; additive foreground scattering]]
[2019.11.26-18.00.39:074][  0]LogConfig: Setting CVar [[r.DOF.Scatter.BackgroundCompositing:2    ; additive background scattering]]
[2019.11.26-18.00.39:074][  0]LogConfig: Setting CVar [[r.DOF.Scatter.EnableBokehSettings:1      ; bokeh simulation when scattering]]
[2019.11.26-18.00.39:074][  0]LogConfig: Setting CVar [[r.DOF.Scatter.MaxSpriteRatio:0.1         ; only a maximum of 10% of scattered bokeh]]
[2019.11.26-18.00.39:074][  0]LogConfig: Setting CVar [[r.DOF.Recombine.Quality:1                ; cheap slight out of focus]]
[2019.11.26-18.00.39:074][  0]LogConfig: Setting CVar [[r.DOF.Recombine.EnableBokehSettings:0    ; no bokeh simulation on slight out of focus]]
[2019.11.26-18.00.39:074][  0]LogConfig: Setting CVar [[r.DOF.TemporalAAQuality:1                ; more stable temporal accumulation]]
[2019.11.26-18.00.39:074][  0]LogConfig: Setting CVar [[r.DOF.Kernel.MaxForegroundRadius:0.025]]
[2019.11.26-18.00.39:074][  0]LogConfig: Setting CVar [[r.DOF.Kernel.MaxBackgroundRadius:0.025]]
[2019.11.26-18.00.39:075][  0]LogConfig: Applying CVar settings from Section [TextureQuality@3] File [D:/GITHUB/The_Gathering_Game/Demo/Saved/Config/Windows/Scalability.ini]
[2019.11.26-18.00.39:075][  0]LogConfig: Setting CVar [[r.Streaming.MipBias:0]]
[2019.11.26-18.00.39:075][  0]LogConfig: Setting CVar [[r.Streaming.AmortizeCPUToGPUCopy:0]]
[2019.11.26-18.00.39:075][  0]LogConfig: Setting CVar [[r.Streaming.MaxNumTexturesToStreamPerFrame:0]]
[2019.11.26-18.00.39:075][  0]LogConfig: Setting CVar [[r.Streaming.Boost:1]]
[2019.11.26-18.00.39:075][  0]LogConfig: Setting CVar [[r.MaxAnisotropy:8]]
[2019.11.26-18.00.39:075][  0]LogConfig: Setting CVar [[r.Streaming.LimitPoolSizeToVRAM:0]]
[2019.11.26-18.00.39:075][  0]LogConfig: Setting CVar [[r.Streaming.PoolSize:1000]]
[2019.11.26-18.00.39:075][  0]LogConfig: Setting CVar [[r.Streaming.MaxEffectiveScreenSize:0]]
[2019.11.26-18.00.39:075][  0]LogConfig: Applying CVar settings from Section [EffectsQuality@3] File [D:/GITHUB/The_Gathering_Game/Demo/Saved/Config/Windows/Scalability.ini]
[2019.11.26-18.00.39:075][  0]LogConfig: Setting CVar [[r.TranslucencyLightingVolumeDim:64]]
[2019.11.26-18.00.39:075][  0]LogConfig: Setting CVar [[r.RefractionQuality:2]]
[2019.11.26-18.00.39:075][  0]LogConfig: Setting CVar [[r.SSR.Quality:3]]
[2019.11.26-18.00.39:075][  0]LogConfig: Setting CVar [[r.SceneColorFormat:4]]
[2019.11.26-18.00.39:075][  0]LogConfig: Setting CVar [[r.DetailMode:2]]
[2019.11.26-18.00.39:075][  0]LogConfig: Setting CVar [[r.TranslucencyVolumeBlur:1]]
[2019.11.26-18.00.39:075][  0]LogConfig: Setting CVar [[r.MaterialQualityLevel:1 ; High quality]]
[2019.11.26-18.00.39:075][  0]LogConfig: Setting CVar [[r.SSS.Scale:1]]
[2019.11.26-18.00.39:075][  0]LogConfig: Setting CVar [[r.SSS.SampleSet:2]]
[2019.11.26-18.00.39:075][  0]LogConfig: Setting CVar [[r.SSS.Quality:1]]
[2019.11.26-18.00.39:075][  0]LogConfig: Setting CVar [[r.SSS.HalfRes:1]]
[2019.11.26-18.00.39:075][  0]LogConfig: Setting CVar [[r.EmitterSpawnRateScale:1.0]]
[2019.11.26-18.00.39:075][  0]LogConfig: Setting CVar [[r.ParticleLightQuality:2]]
[2019.11.26-18.00.39:075][  0]LogConfig: Applying CVar settings from Section [FoliageQuality@3] File [D:/GITHUB/The_Gathering_Game/Demo/Saved/Config/Windows/Scalability.ini]
[2019.11.26-18.00.39:075][  0]LogConfig: Setting CVar [[foliage.DensityScale:1.0]]
[2019.11.26-18.00.39:075][  0]LogConfig: Setting CVar [[grass.DensityScale:1.0]]
[2019.11.26-18.00.39:076][  0]LogInit: Selected Device Profile: [Windows]
[2019.11.26-18.00.39:077][  0]LogInit: Applying CVar settings loaded from the selected device profile: [Windows]
[2019.11.26-18.00.39:141][  0]LogHAL: Display: Platform has ~ 16 GB [17073475584 / 17179869184 / 16], which maps to Larger [LargestMinGB=32, LargerMinGB=12, DefaultMinGB=8, SmallerMinGB=6, SmallestMinGB=0)
[2019.11.26-18.00.39:142][  0]LogConfig: Setting CVar [[r.Vulkan.UseRealUBs:0		; Required until we fix HLR fall-out]]
[2019.11.26-18.00.39:142][  0]LogInit: Going up to parent DeviceProfile []
[2019.11.26-18.00.39:143][  0]LogConfig: Applying CVar settings from Section [ViewDistanceQuality@3] File [D:/GITHUB/The_Gathering_Game/Demo/Saved/Config/Windows/Scalability.ini]
[2019.11.26-18.00.39:143][  0]LogConfig: Setting CVar [[r.SkeletalMeshLODBias:0]]
[2019.11.26-18.00.39:143][  0]LogConfig: Setting CVar [[r.ViewDistanceScale:1.0]]
[2019.11.26-18.00.39:143][  0]LogConfig: Applying CVar settings from Section [AntiAliasingQuality@3] File [D:/GITHUB/The_Gathering_Game/Demo/Saved/Config/Windows/Scalability.ini]
[2019.11.26-18.00.39:143][  0]LogConfig: Setting CVar [[r.PostProcessAAQuality:4]]
[2019.11.26-18.00.39:143][  0]LogConfig: Applying CVar settings from Section [ShadowQuality@3] File [D:/GITHUB/The_Gathering_Game/Demo/Saved/Config/Windows/Scalability.ini]
[2019.11.26-18.00.39:143][  0]LogConfig: Setting CVar [[r.LightFunctionQuality:1]]
[2019.11.26-18.00.39:143][  0]LogConfig: Setting CVar [[r.ShadowQuality:5]]
[2019.11.26-18.00.39:143][  0]LogConfig: Setting CVar [[r.Shadow.CSM.MaxCascades:10]]
[2019.11.26-18.00.39:143][  0]LogConfig: Setting CVar [[r.Shadow.MaxResolution:2048]]
[2019.11.26-18.00.39:143][  0]LogConfig: Setting CVar [[r.Shadow.MaxCSMResolution:2048]]
[2019.11.26-18.00.39:143][  0]LogConfig: Setting CVar [[r.Shadow.RadiusThreshold:0.01]]
[2019.11.26-18.00.39:143][  0]LogConfig: Setting CVar [[r.Shadow.DistanceScale:1.0]]
[2019.11.26-18.00.39:143][  0]LogConfig: Setting CVar [[r.Shadow.CSM.TransitionScale:1.0]]
[2019.11.26-18.00.39:143][  0]LogConfig: Setting CVar [[r.Shadow.PreShadowResolutionFactor:1.0]]
[2019.11.26-18.00.39:143][  0]LogConfig: Setting CVar [[r.DistanceFieldShadowing:1]]
[2019.11.26-18.00.39:143][  0]LogConfig: Setting CVar [[r.DistanceFieldAO:1]]
[2019.11.26-18.00.39:143][  0]LogConfig: Setting CVar [[r.AOQuality:2]]
[2019.11.26-18.00.39:143][  0]LogConfig: Setting CVar [[r.VolumetricFog:1]]
[2019.11.26-18.00.39:143][  0]LogConfig: Setting CVar [[r.VolumetricFog.GridPixelSize:8]]
[2019.11.26-18.00.39:143][  0]LogConfig: Setting CVar [[r.VolumetricFog.GridSizeZ:128]]
[2019.11.26-18.00.39:143][  0]LogConfig: Setting CVar [[r.VolumetricFog.HistoryMissSupersampleCount:4]]
[2019.11.26-18.00.39:143][  0]LogConfig: Setting CVar [[r.LightMaxDrawDistanceScale:1]]
[2019.11.26-18.00.39:144][  0]LogConfig: Setting CVar [[r.CapsuleShadows:1]]
[2019.11.26-18.00.39:144][  0]LogConfig: Applying CVar settings from Section [PostProcessQuality@3] File [D:/GITHUB/The_Gathering_Game/Demo/Saved/Config/Windows/Scalability.ini]
[2019.11.26-18.00.39:144][  0]LogConfig: Setting CVar [[r.MotionBlurQuality:4]]
[2019.11.26-18.00.39:144][  0]LogConfig: Setting CVar [[r.AmbientOcclusionMipLevelFactor:0.4]]
[2019.11.26-18.00.39:144][  0]LogConfig: Setting CVar [[r.AmbientOcclusionMaxQuality:100]]
[2019.11.26-18.00.39:144][  0]LogConfig: Setting CVar [[r.AmbientOcclusionLevels:-1]]
[2019.11.26-18.00.39:144][  0]LogConfig: Setting CVar [[r.AmbientOcclusionRadiusScale:1.0]]
[2019.11.26-18.00.39:144][  0]LogConfig: Setting CVar [[r.DepthOfFieldQuality:2]]
[2019.11.26-18.00.39:144][  0]LogConfig: Setting CVar [[r.RenderTargetPoolMin:400]]
[2019.11.26-18.00.39:144][  0]LogConfig: Setting CVar [[r.LensFlareQuality:2]]
[2019.11.26-18.00.39:144][  0]LogConfig: Setting CVar [[r.SceneColorFringeQuality:1]]
[2019.11.26-18.00.39:144][  0]LogConfig: Setting CVar [[r.EyeAdaptationQuality:2]]
[2019.11.26-18.00.39:144][  0]LogConfig: Setting CVar [[r.BloomQuality:5]]
[2019.11.26-18.00.39:144][  0]LogConfig: Setting CVar [[r.FastBlurThreshold:100]]
[2019.11.26-18.00.39:144][  0]LogConfig: Setting CVar [[r.Upscale.Quality:3]]
[2019.11.26-18.00.39:144][  0]LogConfig: Setting CVar [[r.Tonemapper.GrainQuantization:1]]
[2019.11.26-18.00.39:144][  0]LogConfig: Setting CVar [[r.LightShaftQuality:1]]
[2019.11.26-18.00.39:144][  0]LogConfig: Setting CVar [[r.Filter.SizeScale:1]]
[2019.11.26-18.00.39:144][  0]LogConfig: Setting CVar [[r.Tonemapper.Quality:5]]
[2019.11.26-18.00.39:144][  0]LogConfig: Setting CVar [[r.DOF.Gather.AccumulatorQuality:1        ; higher gathering accumulator quality]]
[2019.11.26-18.00.39:144][  0]LogConfig: Setting CVar [[r.DOF.Gather.PostfilterMethod:1          ; Median3x3 postfilering method]]
[2019.11.26-18.00.39:144][  0]LogConfig: Setting CVar [[r.DOF.Gather.EnableBokehSettings:0       ; no bokeh simulation when gathering]]
[2019.11.26-18.00.39:144][  0]LogConfig: Setting CVar [[r.DOF.Gather.RingCount:4                 ; medium number of samples when gathering]]
[2019.11.26-18.00.39:144][  0]LogConfig: Setting CVar [[r.DOF.Scatter.ForegroundCompositing:1    ; additive foreground scattering]]
[2019.11.26-18.00.39:144][  0]LogConfig: Setting CVar [[r.DOF.Scatter.BackgroundCompositing:2    ; additive background scattering]]
[2019.11.26-18.00.39:144][  0]LogConfig: Setting CVar [[r.DOF.Scatter.EnableBokehSettings:1      ; bokeh simulation when scattering]]
[2019.11.26-18.00.39:144][  0]LogConfig: Setting CVar [[r.DOF.Scatter.MaxSpriteRatio:0.1         ; only a maximum of 10% of scattered bokeh]]
[2019.11.26-18.00.39:144][  0]LogConfig: Setting CVar [[r.DOF.Recombine.Quality:1                ; cheap slight out of focus]]
[2019.11.26-18.00.39:144][  0]LogConfig: Setting CVar [[r.DOF.Recombine.EnableBokehSettings:0    ; no bokeh simulation on slight out of focus]]
[2019.11.26-18.00.39:144][  0]LogConfig: Setting CVar [[r.DOF.TemporalAAQuality:1                ; more stable temporal accumulation]]
[2019.11.26-18.00.39:144][  0]LogConfig: Setting CVar [[r.DOF.Kernel.MaxForegroundRadius:0.025]]
[2019.11.26-18.00.39:144][  0]LogConfig: Setting CVar [[r.DOF.Kernel.MaxBackgroundRadius:0.025]]
[2019.11.26-18.00.39:144][  0]LogConfig: Applying CVar settings from Section [TextureQuality@3] File [D:/GITHUB/The_Gathering_Game/Demo/Saved/Config/Windows/Scalability.ini]
[2019.11.26-18.00.39:144][  0]LogConfig: Setting CVar [[r.Streaming.MipBias:0]]
[2019.11.26-18.00.39:144][  0]LogConfig: Setting CVar [[r.Streaming.AmortizeCPUToGPUCopy:0]]
[2019.11.26-18.00.39:144][  0]LogConfig: Setting CVar [[r.Streaming.MaxNumTexturesToStreamPerFrame:0]]
[2019.11.26-18.00.39:145][  0]LogConfig: Setting CVar [[r.Streaming.Boost:1]]
[2019.11.26-18.00.39:145][  0]LogConfig: Setting CVar [[r.MaxAnisotropy:8]]
[2019.11.26-18.00.39:145][  0]LogConfig: Setting CVar [[r.Streaming.LimitPoolSizeToVRAM:0]]
[2019.11.26-18.00.39:145][  0]LogConfig: Setting CVar [[r.Streaming.PoolSize:1000]]
[2019.11.26-18.00.39:145][  0]LogConfig: Setting CVar [[r.Streaming.MaxEffectiveScreenSize:0]]
[2019.11.26-18.00.39:145][  0]LogConfig: Applying CVar settings from Section [EffectsQuality@3] File [D:/GITHUB/The_Gathering_Game/Demo/Saved/Config/Windows/Scalability.ini]
[2019.11.26-18.00.39:145][  0]LogConfig: Setting CVar [[r.TranslucencyLightingVolumeDim:64]]
[2019.11.26-18.00.39:145][  0]LogConfig: Setting CVar [[r.RefractionQuality:2]]
[2019.11.26-18.00.39:145][  0]LogConfig: Setting CVar [[r.SSR.Quality:3]]
[2019.11.26-18.00.39:145][  0]LogConfig: Setting CVar [[r.SceneColorFormat:4]]
[2019.11.26-18.00.39:145][  0]LogConfig: Setting CVar [[r.DetailMode:2]]
[2019.11.26-18.00.39:145][  0]LogConfig: Setting CVar [[r.TranslucencyVolumeBlur:1]]
[2019.11.26-18.00.39:145][  0]LogConfig: Setting CVar [[r.MaterialQualityLevel:1 ; High quality]]
[2019.11.26-18.00.39:145][  0]LogConfig: Setting CVar [[r.SSS.Scale:1]]
[2019.11.26-18.00.39:145][  0]LogConfig: Setting CVar [[r.SSS.SampleSet:2]]
[2019.11.26-18.00.39:145][  0]LogConfig: Setting CVar [[r.SSS.Quality:1]]
[2019.11.26-18.00.39:145][  0]LogConfig: Setting CVar [[r.SSS.HalfRes:1]]
[2019.11.26-18.00.39:145][  0]LogConfig: Setting CVar [[r.EmitterSpawnRateScale:1.0]]
[2019.11.26-18.00.39:145][  0]LogConfig: Setting CVar [[r.ParticleLightQuality:2]]
[2019.11.26-18.00.39:145][  0]LogConfig: Applying CVar settings from Section [FoliageQuality@3] File [D:/GITHUB/The_Gathering_Game/Demo/Saved/Config/Windows/Scalability.ini]
[2019.11.26-18.00.39:145][  0]LogConfig: Setting CVar [[foliage.DensityScale:1.0]]
[2019.11.26-18.00.39:145][  0]LogConfig: Setting CVar [[grass.DensityScale:1.0]]
[2019.11.26-18.00.39:145][  0]LogConfig: Applying CVar settings from Section [Startup] File [../../../Engine/Config/ConsoleVariables.ini]
[2019.11.26-18.00.39:155][  0]LogConfig: Setting CVar [[net.UseAdaptiveNetUpdateFrequency:0]]
[2019.11.26-18.00.39:155][  0]LogConfig: Setting CVar [[p.chaos.AllowCreatePhysxBodies:1]]
[2019.11.26-18.00.39:155][  0]LogConfig: Applying CVar settings from Section [ConsoleVariables] File [D:/GITHUB/The_Gathering_Game/Demo/Saved/Config/Windows/Engine.ini]
[2019.11.26-18.00.39:157][  0]LogInit: Computer: DESKTOP-6OOB347
[2019.11.26-18.00.39:157][  0]LogInit: User: manxy
[2019.11.26-18.00.39:157][  0]LogInit: CPU Page size=4096, Cores=4
[2019.11.26-18.00.39:157][  0]LogInit: High frequency timer resolution =10.000000 MHz
[2019.11.26-18.00.39:158][  0]LogMemory: Memory total: Physical=15.9GB (16GB approx)
[2019.11.26-18.00.39:158][  0]LogMemory: Platform Memory Stats for Windows
[2019.11.26-18.00.39:158][  0]LogMemory: Process Physical Memory: 98.67 MB used, 98.68 MB peak
[2019.11.26-18.00.39:158][  0]LogMemory: Process Virtual Memory: 97.52 MB used, 97.52 MB peak
[2019.11.26-18.00.39:158][  0]LogMemory: Physical Memory: 6702.82 MB used,  9579.71 MB free, 16282.54 MB total
[2019.11.26-18.00.39:158][  0]LogMemory: Virtual Memory: 4650.83 MB used,  134213080.00 MB free, 134217728.00 MB total
[2019.11.26-18.00.39:826][  0]LogInit: Using OS detected language (en-US).
[2019.11.26-18.00.39:826][  0]LogInit: Using OS detected locale (en-US).
[2019.11.26-18.00.39:832][  0]LogTextLocalizationManager: No specific localization for 'en-US' exists, so the 'en' localization will be used.
[2019.11.26-18.00.40:450][  0]LogInit: Setting process to per monitor DPI aware
[2019.11.26-18.00.40:596][  0]LogSlate: New Slate User Created.  User Index 0, Is Virtual User: 0
[2019.11.26-18.00.40:596][  0]LogSlate: Slate User Registered.  User Index 0, Is Virtual User: 0
[2019.11.26-18.00.44:593][  0]LogHMD: Failed to initialize OpenVR with code 102
[2019.11.26-18.00.44:593][  0]LogD3D11RHI: D3D11 adapters:
[2019.11.26-18.00.45:090][  0]LogD3D11RHI:    0. 'NVIDIA GeForce GTX 960M' (Feature Level 11_0)
[2019.11.26-18.00.45:090][  0]LogD3D11RHI:       4055/0/8141 MB DedicatedVideo/DedicatedSystem/SharedSystem, Outputs:1, VendorId:0x10de
[2019.11.26-18.00.45:100][  0]LogD3D11RHI:    1. 'Intel(R) HD Graphics 530' (Feature Level 11_0)
[2019.11.26-18.00.45:100][  0]LogD3D11RHI:       128/0/8141 MB DedicatedVideo/DedicatedSystem/SharedSystem, Outputs:0, VendorId:0x8086
[2019.11.26-18.00.45:103][  0]LogD3D11RHI:    2. 'Microsoft Basic Render Driver' (Feature Level 11_0)
[2019.11.26-18.00.45:104][  0]LogD3D11RHI:       0/0/8141 MB DedicatedVideo/DedicatedSystem/SharedSystem, Outputs:0, VendorId:0x1414
[2019.11.26-18.00.45:104][  0]LogD3D11RHI: Chosen D3D11 Adapter: 0
[2019.11.26-18.00.45:161][  0]LogD3D11RHI: Creating new Direct3DDevice
[2019.11.26-18.00.45:161][  0]LogD3D11RHI:     GPU DeviceId: 0x139b (for the marketing name, search the web for "GPU Device Id")
[2019.11.26-18.00.45:161][  0]LogWindows: EnumDisplayDevices:
[2019.11.26-18.00.45:162][  0]LogWindows:    0. 'Intel(R) HD Graphics 530' (P:1 D:1)
[2019.11.26-18.00.45:162][  0]LogWindows:    1. 'Intel(R) HD Graphics 530' (P:0 D:0)
[2019.11.26-18.00.45:162][  0]LogWindows:    2. 'Intel(R) HD Graphics 530' (P:0 D:0)
[2019.11.26-18.00.45:163][  0]LogWindows: DebugString: PrimaryIsNotTheChoosenAdapter PrimaryIsNotTheChoosenAdapter PrimaryIsNotTheChoosenAdapter FoundDriverCount:0 
[2019.11.26-18.00.45:163][  0]LogD3D11RHI:     Adapter Name: NVIDIA GeForce GTX 960M
[2019.11.26-18.00.45:163][  0]LogD3D11RHI:   Driver Version: Unknown (internal:Unknown, unified:Unknown)
[2019.11.26-18.00.45:163][  0]LogD3D11RHI:      Driver Date: Unknown
[2019.11.26-18.00.45:163][  0]LogRHI: Texture pool is 2839 MB (70% of 4055 MB)
[2019.11.26-18.00.45:233][  0]LogD3D11RHI: Async texture creation enabled
[2019.11.26-18.00.45:257][  0]LogRendererCore: FGlobalReadBuffer::InitRHI
[2019.11.26-18.00.45:262][  0]LogRendererCore: FGlobalReadBuffer::InitRHI
[2019.11.26-18.00.45:262][  0]LogRendererCore: FGlobalReadBuffer::InitRHI
[2019.11.26-18.00.45:276][  0]LogD3D11RHI: GPU Timing Frequency: 1000.000000 (Debug: 2 1)
[2019.11.26-18.00.45:882][  0]LogTemp: Display: Module 'AllDesktopTargetPlatform' loaded TargetPlatform 'AllDesktop'
[2019.11.26-18.00.45:912][  0]LogTemp: Display: Module 'MacClientTargetPlatform' loaded TargetPlatform 'MacClient'
[2019.11.26-18.00.45:938][  0]LogTemp: Display: Module 'MacNoEditorTargetPlatform' loaded TargetPlatform 'MacNoEditor'
[2019.11.26-18.00.45:961][  0]LogTemp: Display: Module 'MacServerTargetPlatform' loaded TargetPlatform 'MacServer'
[2019.11.26-18.00.45:992][  0]LogTemp: Display: Module 'MacTargetPlatform' loaded TargetPlatform 'Mac'
[2019.11.26-18.00.46:015][  0]LogTemp: Display: Module 'WindowsClientTargetPlatform' loaded TargetPlatform 'WindowsClient'
[2019.11.26-18.00.46:041][  0]LogTemp: Display: Module 'WindowsNoEditorTargetPlatform' loaded TargetPlatform 'WindowsNoEditor'
[2019.11.26-18.00.46:069][  0]LogTemp: Display: Module 'WindowsServerTargetPlatform' loaded TargetPlatform 'WindowsServer'
[2019.11.26-18.00.46:084][  0]LogTemp: Display: Module 'WindowsTargetPlatform' loaded TargetPlatform 'Windows'
[2019.11.26-18.00.46:242][  0]LogTemp: Display: Module 'AndroidTargetPlatform' loaded TargetPlatform 'Android'
[2019.11.26-18.00.46:242][  0]LogTemp: Display: Module 'AndroidTargetPlatform' loaded TargetPlatform 'Android_ASTC'
[2019.11.26-18.00.46:242][  0]LogTemp: Display: Module 'AndroidTargetPlatform' loaded TargetPlatform 'Android_ATC'
[2019.11.26-18.00.46:242][  0]LogTemp: Display: Module 'AndroidTargetPlatform' loaded TargetPlatform 'Android_DXT'
[2019.11.26-18.00.46:242][  0]LogTemp: Display: Module 'AndroidTargetPlatform' loaded TargetPlatform 'Android_ETC1'
[2019.11.26-18.00.46:242][  0]LogTemp: Display: Module 'AndroidTargetPlatform' loaded TargetPlatform 'Android_ETC1a'
[2019.11.26-18.00.46:242][  0]LogTemp: Display: Module 'AndroidTargetPlatform' loaded TargetPlatform 'Android_ETC2'
[2019.11.26-18.00.46:242][  0]LogTemp: Display: Module 'AndroidTargetPlatform' loaded TargetPlatform 'Android_PVRTC'
[2019.11.26-18.00.46:242][  0]LogTemp: Display: Module 'AndroidTargetPlatform' loaded TargetPlatform 'AndroidClient'
[2019.11.26-18.00.46:242][  0]LogTemp: Display: Module 'AndroidTargetPlatform' loaded TargetPlatform 'Android_ASTCClient'
[2019.11.26-18.00.46:242][  0]LogTemp: Display: Module 'AndroidTargetPlatform' loaded TargetPlatform 'Android_ATCClient'
[2019.11.26-18.00.46:242][  0]LogTemp: Display: Module 'AndroidTargetPlatform' loaded TargetPlatform 'Android_DXTClient'
[2019.11.26-18.00.46:242][  0]LogTemp: Display: Module 'AndroidTargetPlatform' loaded TargetPlatform 'Android_ETC1Client'
[2019.11.26-18.00.46:242][  0]LogTemp: Display: Module 'AndroidTargetPlatform' loaded TargetPlatform 'Android_ETC1aClient'
[2019.11.26-18.00.46:242][  0]LogTemp: Display: Module 'AndroidTargetPlatform' loaded TargetPlatform 'Android_ETC2Client'
[2019.11.26-18.00.46:242][  0]LogTemp: Display: Module 'AndroidTargetPlatform' loaded TargetPlatform 'Android_PVRTCClient'
[2019.11.26-18.00.46:242][  0]LogTemp: Display: Module 'AndroidTargetPlatform' loaded TargetPlatform 'Android_Multi'
[2019.11.26-18.00.46:242][  0]LogTemp: Display: Module 'AndroidTargetPlatform' loaded TargetPlatform 'Android_MultiClient'
[2019.11.26-18.00.46:248][  0]LogTemp: Display: Module 'HTML5TargetPlatform' loaded TargetPlatform 'HTML5'
[2019.11.26-18.00.46:337][  0]LogTemp: Display: Module 'IOSTargetPlatform' loaded TargetPlatform 'IOSClient'
[2019.11.26-18.00.46:337][  0]LogTemp: Display: Module 'IOSTargetPlatform' loaded TargetPlatform 'IOS'
[2019.11.26-18.00.46:386][  0]LogTemp: Display: Module 'TVOSTargetPlatform' loaded TargetPlatform 'TVOSClient'
[2019.11.26-18.00.46:386][  0]LogTemp: Display: Module 'TVOSTargetPlatform' loaded TargetPlatform 'TVOS'
[2019.11.26-18.00.46:412][  0]LogTemp: Display: Module 'LinuxClientTargetPlatform' loaded TargetPlatform 'LinuxClient'
[2019.11.26-18.00.46:441][  0]LogTemp: Display: Module 'LinuxNoEditorTargetPlatform' loaded TargetPlatform 'LinuxNoEditor'
[2019.11.26-18.00.46:464][  0]LogTemp: Display: Module 'LinuxServerTargetPlatform' loaded TargetPlatform 'LinuxServer'
[2019.11.26-18.00.46:502][  0]LogTemp: Display: Module 'LinuxTargetPlatform' loaded TargetPlatform 'Linux'
[2019.11.26-18.00.46:579][  0]LogTemp: Display: Module 'LuminTargetPlatform' loaded TargetPlatform 'Lumin'
[2019.11.26-18.00.46:579][  0]LogTemp: Display: Module 'LuminTargetPlatform' loaded TargetPlatform 'LuminClient'
[2019.11.26-18.00.46:580][  0]LogTargetPlatformManager: Display: Building Assets For Windows
[2019.11.26-18.00.46:650][  0]LogAudioDebug: Display: Lib vorbis DLL was dynamically loaded.
[2019.11.26-18.00.46:863][  0]LogShaderCompilers: Guid format shader working directory is 12 characters bigger than the processId version (D:/GITHUB/The_Gathering_Game/Demo/Intermediate/Shaders/WorkingDirectory/11936/).
[2019.11.26-18.00.46:864][  0]LogShaderCompilers: Cleaned the shader compiler working directory 'C:/Users/manxy/AppData/Local/Temp/UnrealShaderWorkingDir/7448EF6F49534D7018B19BADDA22A39C/'.
[2019.11.26-18.00.46:871][  0]LogXGEController: Cleaning working directory: C:/Users/manxy/AppData/Local/Temp/UnrealXGEWorkingDir/
[2019.11.26-18.00.46:872][  0]LogXGEController: Cannot use XGE Controller as Incredibuild is not installed on this machine.
[2019.11.26-18.00.46:872][  0]LogShaderCompilers: Cannot use XGE Shader Compiler as Incredibuild is not installed on this machine.
[2019.11.26-18.00.46:872][  0]LogShaderCompilers: Display: Using Local Shader Compiler.
[2019.11.26-18.00.50:430][  0]LogDerivedDataCache: Display: Max Cache Size: 512 MB
[2019.11.26-18.00.50:634][  0]LogDerivedDataCache: Loaded boot cache 0.20s 71MB C:/Users/manxy/AppData/Local/UnrealEngine/4.22/DerivedDataCache/Boot.ddc.
[2019.11.26-18.00.50:634][  0]LogDerivedDataCache: Display: Loaded Boot cache: C:/Users/manxy/AppData/Local/UnrealEngine/4.22/DerivedDataCache/Boot.ddc
[2019.11.26-18.00.50:634][  0]LogDerivedDataCache: FDerivedDataBackendGraph:  Pak pak cache file D:/GITHUB/The_Gathering_Game/Demo/DerivedDataCache/DDC.ddp not found, will not use a pak cache.
[2019.11.26-18.00.50:634][  0]LogDerivedDataCache: Unable to find inner node Pak for hierarchical cache Hierarchy.
[2019.11.26-18.00.50:634][  0]LogDerivedDataCache: FDerivedDataBackendGraph:  CompressedPak pak cache file D:/GITHUB/The_Gathering_Game/Demo/DerivedDataCache/Compressed.ddp not found, will not use a pak cache.
[2019.11.26-18.00.50:634][  0]LogDerivedDataCache: Unable to find inner node CompressedPak for hierarchical cache Hierarchy.
[2019.11.26-18.00.50:661][  0]LogDerivedDataCache: Display: Pak cache opened for reading ../../../Engine/DerivedDataCache/Compressed.ddp.
[2019.11.26-18.00.50:662][  0]LogDerivedDataCache: FDerivedDataBackendGraph:  EnterprisePak pak cache file ../../../Enterprise/DerivedDataCache/Compressed.ddp not found, will not use a pak cache.
[2019.11.26-18.00.50:662][  0]LogDerivedDataCache: Unable to find inner node EnterprisePak for hierarchical cache Hierarchy.
[2019.11.26-18.00.50:675][  0]LogDerivedDataCache: Using Local data cache path C:/Users/manxy/AppData/Local/UnrealEngine/Common/DerivedDataCache: Writable
[2019.11.26-18.00.50:675][  0]LogDerivedDataCache: Shared data cache path not found in *engine.ini, will not use an Shared cache.
[2019.11.26-18.00.50:675][  0]LogDerivedDataCache: Unable to find inner node Shared for hierarchical cache Hierarchy.
[2019.11.26-18.00.50:719][  0]LogMaterial: Verifying Global Shaders for PCD3D_SM5
[2019.11.26-18.00.50:729][  0]LogSlate: Using FreeType 2.6.0
[2019.11.26-18.00.50:757][  0]LogSlate: SlateFontServices - WITH_FREETYPE: 1, WITH_HARFBUZZ: 1
[2019.11.26-18.00.51:141][  0]LogAssetRegistry: FAssetRegistry took 0.0413 seconds to start up
[2019.11.26-18.00.51:936][  0]LogInit: Selected Device Profile: [Windows]
[2019.11.26-18.00.52:408][  0]LogMeshReduction: Using QuadricMeshReduction for automatic static mesh reduction
[2019.11.26-18.00.52:408][  0]LogMeshReduction: Using SimplygonMeshReduction for automatic skeletal mesh reduction
[2019.11.26-18.00.52:408][  0]LogMeshReduction: Using ProxyLODMeshReduction for automatic mesh merging
[2019.11.26-18.00.52:408][  0]LogMeshReduction: No distributed automatic mesh merging module available
[2019.11.26-18.00.52:409][  0]LogMeshMerging: No distributed automatic mesh merging module available
[2019.11.26-18.00.52:482][  0]LogNetVersion: Demo 1.0.0, NetCL: 5660361, EngineNetVer: 10, GameNetVer: 0 (Checksum: 2142414179)
[2019.11.26-18.00.54:153][  0]LogPackageLocalizationCache: Processed 10 localized package path(s) for 1 prioritized culture(s) in 0.053053 seconds
[2019.11.26-18.00.54:162][  0]LogUObjectArray: 42205 objects as part of root set at end of initial load.
[2019.11.26-18.00.54:162][  0]LogUObjectAllocator: 7325032 out of 0 bytes used by permanent object pool.
[2019.11.26-18.00.54:162][  0]LogUObjectArray: CloseDisregardForGC: 0/0 objects in disregard for GC pool
[2019.11.26-18.00.58:722][  0]LogTcpMessaging: Initializing TcpMessaging bridge
[2019.11.26-18.00.58:746][  0]LogUdpMessaging: Initializing bridge on interface 0.0.0.0:0 to multicast group 230.0.0.1:6666.
[2019.11.26-18.00.59:001][  0]SourceControl: Source control is disabled
[2019.11.26-18.00.59:002][  0]SourceControl: Source control is disabled
[2019.11.26-18.00.59:014][  0]SourceControl: Source control is disabled
[2019.11.26-18.00.59:024][  0]SourceControl: Source control is disabled
[2019.11.26-18.00.59:430][  0]LogAndroidPermission: UAndroidPermissionCallbackProxy::GetInstance
[2019.11.26-18.00.59:603][  0]LogOcInput: OculusInput pre-init called
[2019.11.26-18.01.00:595][  0]LogEngine: Initializing Engine...
[2019.11.26-18.01.00:598][  0]LogHMD: Failed to initialize OpenVR with code 102
[2019.11.26-18.01.00:604][  0]LogStats: UGameplayTagsManager::InitializeManager -  0.003 s
[2019.11.26-18.01.01:072][  0]LogInit: Initializing FReadOnlyCVARCache
[2019.11.26-18.01.01:164][  0]LogAIModule: Creating AISystem for world Untitled
[2019.11.26-18.01.01:212][  0]LogInit: XAudio2 using 'Speakers (Conexant SmartAudio HD)' : 2 channels at 48 kHz using 32 bits per sample (channel mask 0x3)
[2019.11.26-18.01.01:291][  0]LogInit: FAudioDevice initialized.
[2019.11.26-18.01.01:291][  0]LogNetVersion: Set ProjectVersion to 1.0.0.0. Version Checksum will be recalculated on next use.
[2019.11.26-18.01.01:752][  0]LogDerivedDataCache: Saved boot cache 0.46s 71MB C:/Users/manxy/AppData/Local/UnrealEngine/4.22/DerivedDataCache/Boot.ddc.
[2019.11.26-18.01.01:766][  0]LogInit: Texture streaming: Enabled
[2019.11.26-18.01.01:803][  0]LogEngineSessionManager: EngineSessionManager initialized
[2019.11.26-18.01.01:863][  0]LogInit: Transaction tracking system initialized
[2019.11.26-18.01.01:941][  0]BlueprintLog: New page: Editor Load
[2019.11.26-18.01.02:221][  0]LocalizationService: Localization service is disabled
[2019.11.26-18.01.03:143][  0]LogFileCache: Scanning file cache for directory 'D:/GITHUB/The_Gathering_Game/Demo/Content/' took 0.02s
[2019.11.26-18.01.03:143][  0]LogCook: Display: Max memory allowance for cook 16384mb min free memory 0mb
[2019.11.26-18.01.03:143][  0]LogCook: Display: Mobile HDR setting 1
[2019.11.26-18.01.03:751][  0]SourceControl: Source control is disabled
[2019.11.26-18.01.03:753][  0]Cmd: MAP LOAD FILE="D:/GITHUB/The_Gathering_Game/Demo/Content/Andre/Levels/level_tutorial.umap" TEMPLATE=0 SHOWPROGRESS=1 FEATURELEVEL=3
[2019.11.26-18.01.03:932][  0]LightingResults: New page: Lighting Build
[2019.11.26-18.01.03:944][  0]MapCheck: New page: Map Check
[2019.11.26-18.01.03:944][  0]LightingResults: New page: Lighting Build
[2019.11.26-18.01.03:980][  0]LogUObjectHash: Compacting FUObjectHashTables data took   2.62ms
[2019.11.26-18.01.07:603][  0]LogAIModule: Creating AISystem for world level_tutorial
[2019.11.26-18.01.07:684][  0]LogEditorServer: Finished looking for orphan Actors (0.000 secs)
[2019.11.26-18.01.07:718][  0]LogUObjectHash: Compacting FUObjectHashTables data took   3.24ms
[2019.11.26-18.01.07:718][  0]Cmd: MAP CHECKDEP NOCLEARLOG
[2019.11.26-18.01.07:719][  0]MapCheck: Map check complete: 0 Error(s), 0 Warning(s), took 0.363ms to complete.
[2019.11.26-18.01.07:719][  0]LogFileHelpers: Loading map 'level_tutorial' took 3.966
[2019.11.26-18.01.07:889][  0]LogCollectionManager: Loaded 0 collections in 0.001959 seconds
[2019.11.26-18.01.07:943][  0]LogFileCache: Scanning file cache for directory 'D:/GITHUB/The_Gathering_Game/Demo/Saved/Collections/' took 0.01s
[2019.11.26-18.01.07:943][  0]LogFileCache: Scanning file cache for directory 'D:/GITHUB/The_Gathering_Game/Demo/Content/Developers/manxy/Collections/' took 0.01s
[2019.11.26-18.01.07:943][  0]LogFileCache: Scanning file cache for directory 'D:/GITHUB/The_Gathering_Game/Demo/Content/Collections/' took 0.00s
[2019.11.26-18.01.07:943][  0]LogCollectionManager: Rebuilt the GUID cache for 0 collections in 0.000000 seconds
[2019.11.26-18.01.07:955][  0]LogContentBrowser: Native class hierarchy populated in 0.0096 seconds. Added 2732 classes and 659 folders.
[2019.11.26-18.01.07:972][  0]LogContentBrowser: Native class hierarchy updated for 'WidgetCarousel' in 0.0003 seconds. Added 0 classes and 0 folders.
[2019.11.26-18.01.07:983][  0]LogPakFile: Registered encryption key '00000000000000000000000000000000': 0 pak files mounted, 0 remain pending
[2019.11.26-18.01.07:994][  0]LogPakFile: Registered encryption key '00000000000000000000000000000000': 0 pak files mounted, 0 remain pending
[2019.11.26-18.01.08:011][  0]LogPakFile: Registered encryption key '00000000000000000000000000000000': 0 pak files mounted, 0 remain pending
[2019.11.26-18.01.08:020][  0]LogPakFile: Registered encryption key '00000000000000000000000000000000': 0 pak files mounted, 0 remain pending
[2019.11.26-18.01.08:028][  0]LogPakFile: Registered encryption key '00000000000000000000000000000000': 0 pak files mounted, 0 remain pending
[2019.11.26-18.01.08:035][  0]LogPakFile: Registered encryption key '00000000000000000000000000000000': 0 pak files mounted, 0 remain pending
[2019.11.26-18.01.08:043][  0]LogPakFile: Registered encryption key '00000000000000000000000000000000': 0 pak files mounted, 0 remain pending
[2019.11.26-18.01.08:051][  0]LogPakFile: Registered encryption key '00000000000000000000000000000000': 0 pak files mounted, 0 remain pending
[2019.11.26-18.01.08:060][  0]LogPakFile: Registered encryption key '00000000000000000000000000000000': 0 pak files mounted, 0 remain pending
[2019.11.26-18.01.08:070][  0]LogPakFile: Registered encryption key '00000000000000000000000000000000': 0 pak files mounted, 0 remain pending
[2019.11.26-18.01.08:077][  0]LogPakFile: Registered encryption key '00000000000000000000000000000000': 0 pak files mounted, 0 remain pending
[2019.11.26-18.01.08:086][  0]LogPakFile: Registered encryption key '00000000000000000000000000000000': 0 pak files mounted, 0 remain pending
[2019.11.26-18.01.08:094][  0]LogPakFile: Registered encryption key '00000000000000000000000000000000': 0 pak files mounted, 0 remain pending
[2019.11.26-18.01.08:103][  0]LogPakFile: Registered encryption key '00000000000000000000000000000000': 0 pak files mounted, 0 remain pending
[2019.11.26-18.01.08:111][  0]LogPakFile: Registered encryption key '00000000000000000000000000000000': 0 pak files mounted, 0 remain pending
[2019.11.26-18.01.08:118][  0]LogPakFile: Registered encryption key '00000000000000000000000000000000': 0 pak files mounted, 0 remain pending
[2019.11.26-18.01.08:152][  0]LogPakFile: Registered encryption key '00000000000000000000000000000000': 0 pak files mounted, 0 remain pending
[2019.11.26-18.01.08:160][  0]LogPakFile: Registered encryption key '00000000000000000000000000000000': 0 pak files mounted, 0 remain pending
[2019.11.26-18.01.08:167][  0]LogPakFile: Registered encryption key '00000000000000000000000000000000': 0 pak files mounted, 0 remain pending
[2019.11.26-18.01.08:173][  0]LogPakFile: Registered encryption key '00000000000000000000000000000000': 0 pak files mounted, 0 remain pending
[2019.11.26-18.01.08:181][  0]LogPakFile: Registered encryption key '00000000000000000000000000000000': 0 pak files mounted, 0 remain pending
[2019.11.26-18.01.08:189][  0]LogPakFile: Registered encryption key '00000000000000000000000000000000': 0 pak files mounted, 0 remain pending
[2019.11.26-18.01.08:198][  0]LogPakFile: Registered encryption key '00000000000000000000000000000000': 0 pak files mounted, 0 remain pending
[2019.11.26-18.01.08:206][  0]LogPakFile: Registered encryption key '00000000000000000000000000000000': 0 pak files mounted, 0 remain pending
[2019.11.26-18.01.08:214][  0]LogPakFile: Registered encryption key '00000000000000000000000000000000': 0 pak files mounted, 0 remain pending
[2019.11.26-18.01.08:223][  0]LogPakFile: Registered encryption key '00000000000000000000000000000000': 0 pak files mounted, 0 remain pending
[2019.11.26-18.01.08:403][  0]LogContentBrowser: Native class hierarchy updated for 'AddContentDialog' in 0.0002 seconds. Added 0 classes and 0 folders.
[2019.11.26-18.01.08:464][  0]LogSlate: Updating window title bar state: overlay mode, drag disabled, window buttons hidden, title bar hidden
[2019.11.26-18.01.08:474][  0]LogSlate: Updating window title bar state: overlay mode, drag disabled, window buttons hidden, title bar hidden
[2019.11.26-18.01.08:482][  0]LogSlate: Updating window title bar state: overlay mode, drag disabled, window buttons hidden, title bar hidden
[2019.11.26-18.01.08:492][  0]LogSlate: Updating window title bar state: overlay mode, drag disabled, window buttons hidden, title bar hidden
[2019.11.26-18.01.08:537][  0]LogContentBrowser: Native class hierarchy updated for 'SceneOutliner' in 0.0003 seconds. Added 1 classes and 2 folders.
[2019.11.26-18.01.08:753][  0]LogSlate: Took 0.009855 seconds to synchronously load lazily loaded font '../../../Engine/Content/Slate/Fonts/Roboto-Regular.ttf' (155K)
[2019.11.26-18.01.08:766][  0]LogSlate: Took 0.009657 seconds to synchronously load lazily loaded font '../../../Engine/Content/Slate/Fonts/Roboto-Bold.ttf' (160K)
[2019.11.26-18.01.08:772][  0]LogSlate: Took 0.005592 seconds to synchronously load lazily loaded font '../../../Engine/Content/Editor/Slate/Fonts/FontAwesome.ttf' (139K)
[2019.11.26-18.01.08:887][  0]LogRenderer: Reallocating scene render targets to support 772x688 Format 10 NumSamples 1 (Frame:1).
[2019.11.26-18.01.09:144][  0]LogContentBrowser: Native class hierarchy updated for 'HierarchicalLODOutliner' in 0.0005 seconds. Added 0 classes and 0 folders.
[2019.11.26-18.01.09:144][  0]LogLoad: (Engine Initialization) Total time: 38.19 seconds
[2019.11.26-18.01.09:145][  0]LogLoad: (Engine Initialization) Total Blueprint compile time: 0.00 seconds
[2019.11.26-18.01.09:196][  0]LogAssetRegistry: Asset discovery search completed in 18.0789 seconds
[2019.11.26-18.01.09:199][  0]LogCollectionManager: Rebuilt the object cache for 0 collections in 0.000000 seconds (found 0 objects)
[2019.11.26-18.01.09:199][  0]LogCollectionManager: Fixed up redirectors for 0 collections in 0.000053 seconds (updated 0 objects)
[2019.11.26-18.01.09:202][  0]LogContentStreaming: Texture pool size now 1000 MB
[2019.11.26-18.01.09:238][  0]LogSlate: Took 0.006293 seconds to synchronously load lazily loaded font '../../../Engine/Content/Slate/Fonts/Roboto-Light.ttf' (167K)
[2019.11.26-18.01.09:408][  0]LogRenderer: Reallocating scene render targets to support 772x704 Format 10 NumSamples 1 (Frame:3).
[2019.11.26-18.01.32:183][152]LogSlate: Took 0.000188 seconds to synchronously load lazily loaded font '../../../Engine/Content/Slate/Fonts/Roboto-Light.ttf' (167K)
[2019.11.26-18.01.32:251][152]LogFactory: FactoryCreateFile: SoundWave with ReimportSoundFactory (0 0 D:\GITHUB\The_Gathering_Game\Music&Sound\Title screen ambience.wav)
[2019.11.26-18.01.32:346][152]LogSlate: FSceneViewport::OnFocusLost() reason 2
[2019.11.26-18.01.35:183][293]Cmd: OBJ SAVEPACKAGE PACKAGE="/Game/Andre/Sounds/Music/Title_screen_ambience" FILE="D:/GITHUB/The_Gathering_Game/Demo/Content/Andre/Sounds/Music/Title_screen_ambience.uasset" SILENT=true
[2019.11.26-18.01.35:212][293]LogSavePackage: Moving 'D:/GITHUB/The_Gathering_Game/Demo/Saved/Title_screen_ambience0D2B6C9E4DBAE955A165FBA1B85E1BFD.tmp' to 'D:/GITHUB/The_Gathering_Game/Demo/Content/Andre/Sounds/Music/Title_screen_ambience.uasset'
[2019.11.26-18.01.35:361][293]LogUObjectHash: Compacting FUObjectHashTables data took   1.49ms
[2019.11.26-18.01.35:393][293]LogUObjectHash: Compacting FUObjectHashTables data took   1.33ms
[2019.11.26-18.01.35:418][293]LogUObjectHash: Compacting FUObjectHashTables data took   0.77ms
[2019.11.26-18.01.45:554][380]LogUObjectHash: Compacting FUObjectHashTables data took   1.86ms
[2019.11.26-18.01.46:851][380]LogSlate: Window 'Save Content' being destroyed
[2019.11.26-18.01.46:857][380]LogSlate: Window 'Open Level' being destroyed
[2019.11.26-18.01.52:795][ 57]LogAIModule: Creating AISystem for world Main_Menu_Map
[2019.11.26-18.01.52:800][ 57]LogAssetEditorManager: Opening Asset editor for World /Game/Andre/menu/Main_Menu_Map.Main_Menu_Map
[2019.11.26-18.01.52:828][ 57]LogUObjectHash: Compacting FUObjectHashTables data took   2.23ms
[2019.11.26-18.01.54:579][ 57]LogSlate: Window 'Save Content' being destroyed
[2019.11.26-18.01.54:595][ 57]Cmd: OBJ SAVEPACKAGE PACKAGE="/Game/Andre/Sounds/Music/Title_screen_ambience_Cue" FILE="D:/GITHUB/The_Gathering_Game/Demo/Content/Andre/Sounds/Music/Title_screen_ambience_Cue.uasset" SILENT=true
[2019.11.26-18.01.54:605][ 57]LogSavePackage: Moving 'D:/GITHUB/The_Gathering_Game/Demo/Saved/Title_screen_ambience_Cue9212748447634704B295EE9B4DE8F230.tmp' to 'D:/GITHUB/The_Gathering_Game/Demo/Content/Andre/Sounds/Music/Title_screen_ambience_Cue.uasset'
[2019.11.26-18.01.54:608][ 57]Cmd: MAP LOAD FILE="D:/GITHUB/The_Gathering_Game/Demo/Content/Andre/menu/Main_Menu_Map.umap" TEMPLATE=0 SHOWPROGRESS=1 FEATURELEVEL=3
[2019.11.26-18.01.54:609][ 57]LightingResults: New page: Lighting Build
[2019.11.26-18.01.54:609][ 57]LoadErrors: New page: Loading map: Main_Menu_Map.umap
[2019.11.26-18.01.54:612][ 57]MapCheck: New page: Map Check
[2019.11.26-18.01.54:612][ 57]LightingResults: New page: Lighting Build
[2019.11.26-18.01.54:644][ 57]LogUObjectHash: Compacting FUObjectHashTables data took   2.52ms
[2019.11.26-18.01.54:706][ 57]LogEditorServer: Finished looking for orphan Actors (0.000 secs)
[2019.11.26-18.01.54:734][ 57]LogUObjectHash: Compacting FUObjectHashTables data took   2.12ms
[2019.11.26-18.01.54:772][ 57]Cmd: MAP CHECKDEP NOCLEARLOG
[2019.11.26-18.01.54:772][ 57]MapCheck: Map check complete: 0 Error(s), 0 Warning(s), took 0.073ms to complete.
[2019.11.26-18.01.54:772][ 57]LogFileHelpers: Loading map 'Main_Menu_Map' took 0.165
[2019.11.26-18.01.58:858][523]LogAudioDerivedData: Display: Building compressed audio format OGG hash OGG wave Title_screen_ambience...
[2019.11.26-18.02.00:765][523]LogAudioDerivedData: Display: Updated SoundWave->RawPCMDataSize from 0 to 18015320 while cooking SoundWave /Game/Andre/Sounds/Music/Title_screen_ambience.Title_screen_ambience.
[2019.11.26-18.02.18:140][490]LogSlate: FSceneViewport::OnFocusLost() reason 0
[2019.11.26-18.02.19:297][628]LogTemp: Repeating last play command: Standalone Game
[2019.11.26-18.02.19:342][628]LogUObjectHash: Compacting FUObjectHashTables data took   1.41ms
[2019.11.26-18.02.20:363][628]LogSlate: Window 'Save Content' being destroyed
[2019.11.26-18.02.20:393][628]Cmd: OBJ SAVEPACKAGE PACKAGE="/Game/Andre/menu/Main_Menu_Map" FILE="D:/GITHUB/The_Gathering_Game/Demo/Content/Andre/menu/Main_Menu_Map.umap" SILENT=true AUTOSAVING=false KEEPDIRTY=false
[2019.11.26-18.02.20:419][628]LogUObjectHash: Compacting FUObjectHashTables data took   0.79ms
[2019.11.26-18.02.20:720][628]LogSavePackage: Moving 'D:/GITHUB/The_Gathering_Game/Demo/Saved/Main_Menu_MapBB43DE61429F75E0F773B0B7D2E58A98.tmp' to 'D:/GITHUB/The_Gathering_Game/Demo/Content/Andre/menu/Main_Menu_Map.umap'
[2019.11.26-18.02.20:762][628]LogFileHelpers: Saving map 'Main_Menu_Map' took 0.369
[2019.11.26-18.05.49:298][403]LogFactory: FactoryCreateFile: SoundWave with ReimportSoundFactory (0 0 C:\Users\manxy\Downloads\trapdis.wav)
[2019.11.26-18.05.58:044][425]Cmd: OBJ SAVEPACKAGE PACKAGE="/Game/Andre/Sounds/FX/FX_Dor_Open" FILE="D:/GITHUB/The_Gathering_Game/Demo/Content/Andre/Sounds/FX/FX_Dor_Open.uasset" SILENT=true
[2019.11.26-18.05.58:054][425]LogSavePackage: Moving 'D:/GITHUB/The_Gathering_Game/Demo/Saved/FX_Dor_OpenB60EA30D4D05836297495DADFBF76B89.tmp' to 'D:/GITHUB/The_Gathering_Game/Demo/Content/Andre/Sounds/FX/FX_Dor_Open.uasset'
[2019.11.26-18.05.58:197][425]LogUObjectHash: Compacting FUObjectHashTables data took   2.33ms
[2019.11.26-18.05.58:229][425]LogUObjectHash: Compacting FUObjectHashTables data took   1.32ms
[2019.11.26-18.05.58:253][425]LogUObjectHash: Compacting FUObjectHashTables data took   0.68ms
[2019.11.26-18.05.59:748][589]LogAudioDerivedData: Display: Building compressed audio format OGG hash OGG wave FX_Dor_Open...
[2019.11.26-18.05.59:765][589]LogAudioDerivedData: Display: Updated SoundWave->RawPCMDataSize from 0 to 26708 while cooking SoundWave /Game/Andre/Sounds/FX/FX_Dor_Open.FX_Dor_Open.
[2019.11.26-18.06.23:108][329]LogAssetEditorManager: Opening Asset editor for Blueprint /Game/Andre/BluePrints/interactables/BP_door.BP_door
[2019.11.26-18.06.23:624][329]LogContentBrowser: Native class hierarchy updated for 'BlueprintGraph' in 0.0006 seconds. Added 121 classes and 0 folders.
[2019.11.26-18.06.24:672][329]LogSlate: Took 0.007674 seconds to synchronously load lazily loaded font '../../../Engine/Content/Slate/Fonts/Roboto-BoldCondensed.ttf' (158K)
[2019.11.26-18.06.28:402][678]LogSlate: Took 0.014007 seconds to synchronously load lazily loaded font '../../../Engine/Content/Slate/Fonts/Roboto-Italic.ttf' (157K)
[2019.11.26-18.07.00:158][657]Cmd: OBJ SAVEPACKAGE PACKAGE="/Game/Andre/BluePrints/interactables/BP_door" FILE="D:/GITHUB/The_Gathering_Game/Demo/Content/Andre/BluePrints/interactables/BP_door.uasset" SILENT=true
[2019.11.26-18.07.00:196][657]LogSavePackage: Moving 'D:/GITHUB/The_Gathering_Game/Demo/Saved/BP_door80BF4C4E4B6D1061CA985D8559271EF9.tmp' to 'D:/GITHUB/The_Gathering_Game/Demo/Content/Andre/BluePrints/interactables/BP_door.uasset'
[2019.11.26-18.07.00:824][712]BlueprintLog: New page: Compile BP_door
[2019.11.26-18.07.01:023][712]LogUObjectHash: Compacting FUObjectHashTables data took   4.00ms
[2019.11.26-18.07.02:140][810]LogSlate: Window 'BP_door' being destroyed
[2019.11.26-18.07.02:147][810]LogSlate: Window 'BP_door' being destroyed
[2019.11.26-18.07.24:049][439]LogFactory: FactoryCreateFile: SoundWave with ReimportSoundFactory (0 0 C:\Users\manxy\Downloads\invpot.wav)
[2019.11.26-18.07.33:509][562]Cmd: OBJ SAVEPACKAGE PACKAGE="/Game/Andre/Sounds/FX_Drink_Potion" FILE="D:/GITHUB/The_Gathering_Game/Demo/Content/Andre/Sounds/FX_Drink_Potion.uasset" SILENT=true
[2019.11.26-18.07.33:519][562]LogSavePackage: Moving 'D:/GITHUB/The_Gathering_Game/Demo/Saved/FX_Drink_PotionC61E0EB34C6EB0760F700E960516D464.tmp' to 'D:/GITHUB/The_Gathering_Game/Demo/Content/Andre/Sounds/FX_Drink_Potion.uasset'
[2019.11.26-18.07.33:700][562]LogUObjectHash: Compacting FUObjectHashTables data took   3.24ms
[2019.11.26-18.07.33:740][562]LogUObjectHash: Compacting FUObjectHashTables data took   2.96ms
[2019.11.26-18.07.33:773][562]LogUObjectHash: Compacting FUObjectHashTables data took   0.67ms
[2019.11.26-18.07.36:617][876]Cmd: OBJ SAVEPACKAGE PACKAGE="/Game/Andre/Sounds/FX/FX_Drink_Potion" FILE="D:/GITHUB/The_Gathering_Game/Demo/Content/Andre/Sounds/FX/FX_Drink_Potion.uasset" SILENT=true
[2019.11.26-18.07.36:626][876]LogSavePackage: Moving 'D:/GITHUB/The_Gathering_Game/Demo/Saved/FX_Drink_Potion203D81D745D9670C38B556BFC81A0226.tmp' to 'D:/GITHUB/The_Gathering_Game/Demo/Content/Andre/Sounds/FX/FX_Drink_Potion.uasset'
[2019.11.26-18.07.36:815][876]LogUObjectHash: Compacting FUObjectHashTables data took   0.68ms
[2019.11.26-18.07.36:854][876]LogUObjectHash: Compacting FUObjectHashTables data took   3.28ms
[2019.11.26-18.07.36:886][876]LogUObjectHash: Compacting FUObjectHashTables data took   1.33ms
[2019.11.26-18.07.42:705][546]LogAudioDerivedData: Display: Building compressed audio format OGG hash OGG wave FX_Drink_Potion...
[2019.11.26-18.07.42:716][546]LogAudioDerivedData: Display: Updated SoundWave->RawPCMDataSize from 0 to 67072 while cooking SoundWave /Game/Andre/Sounds/FX/FX_Drink_Potion.FX_Drink_Potion.
[2019.11.26-18.07.54:258][875]LogAssetEditorManager: Opening Asset editor for Blueprint /Game/Andre/BluePrints/interactables/BP_potion.BP_potion
[2019.11.26-18.08.09:602][116]Cmd: OBJ SAVEPACKAGE PACKAGE="/Game/Andre/BluePrints/interactables/BP_potion" FILE="D:/GITHUB/The_Gathering_Game/Demo/Content/Andre/BluePrints/interactables/BP_potion.uasset" SILENT=true
[2019.11.26-18.08.09:632][116]LogSavePackage: Moving 'D:/GITHUB/The_Gathering_Game/Demo/Saved/BP_potionBE3088D3430933EAEE4380B244A9B862.tmp' to 'D:/GITHUB/The_Gathering_Game/Demo/Content/Andre/BluePrints/interactables/BP_potion.uasset'
[2019.11.26-18.08.10:547][142]BlueprintLog: New page: Compile BP_potion
[2019.11.26-18.08.10:741][142]LogUObjectHash: Compacting FUObjectHashTables data took   2.78ms
[2019.11.26-18.08.11:676][236]LogSlate: Window 'BP_potion' being destroyed
[2019.11.26-18.08.11:683][236]LogSlate: Window 'BP_potion' being destroyed
[2019.11.26-18.08.23:564][544]LogFactory: FactoryCreateFile: SoundWave with ReimportSoundFactory (0 0 C:\Users\manxy\Downloads\invring.wav)
[2019.11.26-18.08.32:186][549]Cmd: OBJ SAVEPACKAGE PACKAGE="/Game/Andre/Sounds/FX/invring" FILE="D:/GITHUB/The_Gathering_Game/Demo/Content/Andre/Sounds/FX/invring.uasset" SILENT=true
[2019.11.26-18.08.32:195][549]LogSavePackage: Moving 'D:/GITHUB/The_Gathering_Game/Demo/Saved/invring12142DA94ED3D7FCC9430CB4B20BF784.tmp' to 'D:/GITHUB/The_Gathering_Game/Demo/Content/Andre/Sounds/FX/invring.uasset'
[2019.11.26-18.08.32:385][549]LogUObjectHash: Compacting FUObjectHashTables data took   4.18ms
[2019.11.26-18.08.32:425][549]LogUObjectHash: Compacting FUObjectHashTables data took   2.01ms
[2019.11.26-18.08.32:451][549]LogUObjectHash: Compacting FUObjectHashTables data took   0.77ms
[2019.11.26-18.08.35:865][940]LogAudioDerivedData: Display: Building compressed audio format OGG hash OGG wave invring...
[2019.11.26-18.08.35:872][940]LogAudioDerivedData: Display: Updated SoundWave->RawPCMDataSize from 0 to 31680 while cooking SoundWave /Game/Andre/Sounds/FX/invring.invring.
[2019.11.26-18.08.41:263][578]Cmd: OBJ SAVEPACKAGE PACKAGE="/Game/Andre/Sounds/FX/FX_key_pickup" FILE="D:/GITHUB/The_Gathering_Game/Demo/Content/Andre/Sounds/FX/FX_key_pickup.uasset" SILENT=true
[2019.11.26-18.08.41:272][578]LogSavePackage: Moving 'D:/GITHUB/The_Gathering_Game/Demo/Saved/FX_key_pickupDCA6A9C34CE3329E80ACF8A7AC9EA6B4.tmp' to 'D:/GITHUB/The_Gathering_Game/Demo/Content/Andre/Sounds/FX/FX_key_pickup.uasset'
[2019.11.26-18.08.41:441][578]LogUObjectHash: Compacting FUObjectHashTables data took   0.80ms
[2019.11.26-18.08.41:474][578]LogUObjectHash: Compacting FUObjectHashTables data took   2.32ms
[2019.11.26-18.08.41:508][578]LogUObjectHash: Compacting FUObjectHashTables data took   1.20ms
[2019.11.26-18.08.56:742][296]LogAssetEditorManager: Opening Asset editor for Blueprint /Game/Andre/BluePrints/interactables/BP_key.BP_key
[2019.11.26-18.09.11:305][496]Cmd: OBJ SAVEPACKAGE PACKAGE="/Game/Andre/BluePrints/interactables/BP_key" FILE="D:/GITHUB/The_Gathering_Game/Demo/Content/Andre/BluePrints/interactables/BP_key.uasset" SILENT=true
[2019.11.26-18.09.11:335][496]LogSavePackage: Moving 'D:/GITHUB/The_Gathering_Game/Demo/Saved/BP_keyDD38E57F46C038009F49B58ABE27EA8B.tmp' to 'D:/GITHUB/The_Gathering_Game/Demo/Content/Andre/BluePrints/interactables/BP_key.uasset'
[2019.11.26-18.09.11:647][519]BlueprintLog: New page: Compile BP_key
[2019.11.26-18.09.11:832][519]LogUObjectHash: Compacting FUObjectHashTables data took   3.30ms
[2019.11.26-18.09.12:997][640]LogSlate: Window 'BP_key' being destroyed
[2019.11.26-18.09.13:004][640]LogSlate: Window 'BP_key' being destroyed
[2019.11.26-18.09.23:193][981]LogFactory: FactoryCreateFile: SoundWave with ReimportSoundFactory (0 0 C:\Users\manxy\Downloads\firimp1.wav)
[2019.11.26-18.09.24:710][154]LogAudioDerivedData: Display: Building compressed audio format OGG hash OGG wave firimp1...
[2019.11.26-18.09.24:715][154]LogAudioDerivedData: Display: Updated SoundWave->RawPCMDataSize from 0 to 22060 while cooking SoundWave /Game/Andre/Sounds/FX/firimp1.firimp1.
[2019.11.26-18.09.41:033][ 56]LogUObjectHash: Compacting FUObjectHashTables data took   2.84ms
[2019.11.26-18.09.42:665][ 56]LogSlate: Window 'Delete Assets' being destroyed
[2019.11.26-18.09.42:757][ 56]LogUObjectHash: Compacting FUObjectHashTables data took   2.17ms
[2019.11.26-18.09.47:259][576]Cmd: OBJ SAVEPACKAGE PACKAGE="/Game/Andre/Sounds/FX/FX_checkpoint" FILE="D:/GITHUB/The_Gathering_Game/Demo/Content/Andre/Sounds/FX/FX_checkpoint.uasset" SILENT=true
[2019.11.26-18.09.47:271][576]LogSavePackage: Moving 'D:/GITHUB/The_Gathering_Game/Demo/Saved/FX_checkpoint914A604B49414D87DEFC1786222EFCD3.tmp' to 'D:/GITHUB/The_Gathering_Game/Demo/Content/Andre/Sounds/FX/FX_checkpoint.uasset'
[2019.11.26-18.09.47:453][576]LogUObjectHash: Compacting FUObjectHashTables data took   0.75ms
[2019.11.26-18.09.47:494][576]LogUObjectHash: Compacting FUObjectHashTables data took   3.52ms
[2019.11.26-18.09.47:526][576]LogUObjectHash: Compacting FUObjectHashTables data took   0.78ms
[2019.11.26-18.10.00:817][106]LogAssetEditorManager: Opening Asset editor for Blueprint /Game/Andre/BluePrints/CheckPoint_SYstem/BP_Checkpoint.BP_Checkpoint
[2019.11.26-18.10.01:224][106]LogBlueprintUserMessages: [BP_Checkpoint_C_0] Checkpoint Cleared
[2019.11.26-18.10.01:226][106]LogBlueprintUserMessages: [BP_Checkpoint_C_0] Checkpoint Cleared
[2019.11.26-18.10.22:883][755]Cmd: OBJ SAVEPACKAGE PACKAGE="/Game/Andre/BluePrints/CheckPoint_SYstem/BP_Checkpoint" FILE="D:/GITHUB/The_Gathering_Game/Demo/Content/Andre/BluePrints/CheckPoint_SYstem/BP_Checkpoint.uasset" SILENT=true
[2019.11.26-18.10.22:981][755]LogSavePackage: Moving 'D:/GITHUB/The_Gathering_Game/Demo/Saved/BP_Checkpoint5817A525453803CBE39ED8BE5DD28CD6.tmp' to 'D:/GITHUB/The_Gathering_Game/Demo/Content/Andre/BluePrints/CheckPoint_SYstem/BP_Checkpoint.uasset'
[2019.11.26-18.10.23:323][778]BlueprintLog: New page: Compile BP_Checkpoint
[2019.11.26-18.10.23:519][778]LogUObjectHash: Compacting FUObjectHashTables data took   2.85ms
[2019.11.26-18.10.24:450][855]LogSlate: Window 'BP_Checkpoint' being destroyed
[2019.11.26-18.10.24:461][855]LogSlate: Window 'BP_Checkpoint' being destroyed
[2019.11.26-18.10.31:010][611]LogEditorViewport: Clicking Background
[2019.11.26-18.10.32:723][813]LogSlate: FSceneViewport::OnFocusLost() reason 0
[2019.11.26-18.10.32:781][820]LogTemp: Repeating last play command: Standalone Game
[2019.11.26-18.10.32:842][820]LogUObjectHash: Compacting FUObjectHashTables data took   2.51ms
[2019.11.26-18.10.33:996][820]LogSlate: Window 'Save Content' being destroyed
[2019.11.26-18.10.34:027][820]Cmd: OBJ SAVEPACKAGE PACKAGE="/Game/Andre/Sounds/FX/FX_checkpoint_Cue" FILE="D:/GITHUB/The_Gathering_Game/Demo/Content/Andre/Sounds/FX/FX_checkpoint_Cue.uasset" SILENT=true
[2019.11.26-18.10.34:037][820]LogSavePackage: Moving 'D:/GITHUB/The_Gathering_Game/Demo/Saved/FX_checkpoint_CueA54A66E7441B1284964DC98BA8477E05.tmp' to 'D:/GITHUB/The_Gathering_Game/Demo/Content/Andre/Sounds/FX/FX_checkpoint_Cue.uasset'
[2019.11.26-18.10.34:043][820]Cmd: OBJ SAVEPACKAGE PACKAGE="/Game/Andre/Sounds/FX/FX_Dor_Open_Cue" FILE="D:/GITHUB/The_Gathering_Game/Demo/Content/Andre/Sounds/FX/FX_Dor_Open_Cue.uasset" SILENT=true
[2019.11.26-18.10.34:054][820]LogSavePackage: Moving 'D:/GITHUB/The_Gathering_Game/Demo/Saved/FX_Dor_Open_Cue546468A842276C246CCC31AC0633F332.tmp' to 'D:/GITHUB/The_Gathering_Game/Demo/Content/Andre/Sounds/FX/FX_Dor_Open_Cue.uasset'
[2019.11.26-18.10.34:060][820]Cmd: OBJ SAVEPACKAGE PACKAGE="/Game/Andre/Sounds/FX/FX_Drink_Potion_Cue" FILE="D:/GITHUB/The_Gathering_Game/Demo/Content/Andre/Sounds/FX/FX_Drink_Potion_Cue.uasset" SILENT=true
[2019.11.26-18.10.34:069][820]LogSavePackage: Moving 'D:/GITHUB/The_Gathering_Game/Demo/Saved/FX_Drink_Potion_Cue2D0CBA8B4502159B1EB1CEA71AEDE625.tmp' to 'D:/GITHUB/The_Gathering_Game/Demo/Content/Andre/Sounds/FX/FX_Drink_Potion_Cue.uasset'
[2019.11.26-18.10.34:076][820]Cmd: OBJ SAVEPACKAGE PACKAGE="/Game/Andre/Sounds/FX/FX_key_pickup_Cue" FILE="D:/GITHUB/The_Gathering_Game/Demo/Content/Andre/Sounds/FX/FX_key_pickup_Cue.uasset" SILENT=true
[2019.11.26-18.10.34:084][820]LogSavePackage: Moving 'D:/GITHUB/The_Gathering_Game/Demo/Saved/FX_key_pickup_CueA347DAAC4D362A368441549A46A39C13.tmp' to 'D:/GITHUB/The_Gathering_Game/Demo/Content/Andre/Sounds/FX/FX_key_pickup_Cue.uasset'
[2019.11.26-18.11.49:437][307]LogAssetEditorManager: Opening Asset editor for Blueprint /Game/Andre/BluePrints/interactables/BP_key.BP_key
[2019.11.26-18.12.08:018][992]LogSlate: Window 'BP_key' being destroyed
[2019.11.26-18.12.21:032][521]LogAssetEditorManager: Opening Asset editor for SoundCue /Game/Andre/Sounds/FX/FX_checkpoint_Cue.FX_checkpoint_Cue
[2019.11.26-18.12.31:724][693]LogSlate: Window 'FX_checkpoint_Cue' being destroyed
[2019.11.26-18.12.40:346][707]LogAssetEditorManager: Opening Asset editor for SoundCue /Game/Andre/Sounds/FX/FX_empty_slash_Cue.FX_empty_slash_Cue
[2019.11.26-18.12.47:300][462]Cmd: OBJ SAVEPACKAGE PACKAGE="/Game/Andre/Sounds/FX/FX_empty_slash_Cue" FILE="D:/GITHUB/The_Gathering_Game/Demo/Content/Andre/Sounds/FX/FX_empty_slash_Cue.uasset" SILENT=true
[2019.11.26-18.12.47:316][462]LogSavePackage: Moving 'D:/GITHUB/The_Gathering_Game/Demo/Saved/FX_empty_slash_CueBDE06BB34B63F0B851FC398D3E9F5125.tmp' to 'D:/GITHUB/The_Gathering_Game/Demo/Content/Andre/Sounds/FX/FX_empty_slash_Cue.uasset'
[2019.11.26-18.12.50:142][764]LogSlate: Window 'FX_empty_slash_Cue' being destroyed
[2019.11.26-18.13.07:763][861]LogUObjectHash: Compacting FUObjectHashTables data took   2.11ms
[2019.11.26-18.13.08:996][861]LogSlate: Window 'Delete Assets' being destroyed
[2019.11.26-18.13.09:110][861]LogUObjectHash: Compacting FUObjectHashTables data took   1.91ms
[2019.11.26-18.13.09:144][861]LogUObjectHash: Compacting FUObjectHashTables data took   2.29ms
[2019.11.26-18.13.09:171][861]LogUObjectHash: Compacting FUObjectHashTables data took   0.83ms
[2019.11.26-18.13.28:152][113]LogAssetEditorManager: Opening Asset editor for Blueprint /Game/Andre/BluePrints/interactables/BP_key.BP_key
[2019.11.26-18.14.04:063][772]BlueprintLog: New page: Compile BP_key
[2019.11.26-18.14.04:256][772]LogUObjectHash: Compacting FUObjectHashTables data took   2.65ms
[2019.11.26-18.14.04:641][808]Cmd: OBJ SAVEPACKAGE PACKAGE="/Game/Andre/BluePrints/interactables/BP_key" FILE="D:/GITHUB/The_Gathering_Game/Demo/Content/Andre/BluePrints/interactables/BP_key.uasset" SILENT=true
[2019.11.26-18.14.04:673][808]LogSavePackage: Moving 'D:/GITHUB/The_Gathering_Game/Demo/Saved/BP_key3445AA374478B5FAEBCFD2B772B5F6FD.tmp' to 'D:/GITHUB/The_Gathering_Game/Demo/Content/Andre/BluePrints/interactables/BP_key.uasset'
[2019.11.26-18.14.05:452][884]LogSlate: Window 'BP_key' being destroyed
[2019.11.26-18.14.05:458][884]LogSlate: Window 'BP_key' being destroyed
[2019.11.26-18.14.06:523][  1]LogTemp: Repeating last play command: Standalone Game
[2019.11.26-18.14.06:581][  1]LogUObjectHash: Compacting FUObjectHashTables data took   2.66ms
[2019.11.26-18.14.07:584][  1]LogSlate: Window 'Save Content' being destroyed
[2019.11.26-18.14.07:612][  1]Cmd: OBJ SAVEPACKAGE PACKAGE="/Game/Andre/Sounds/FX/FX_checkpoint_Cue" FILE="D:/GITHUB/The_Gathering_Game/Demo/Content/Andre/Sounds/FX/FX_checkpoint_Cue.uasset" SILENT=true
[2019.11.26-18.14.07:624][  1]LogSavePackage: Moving 'D:/GITHUB/The_Gathering_Game/Demo/Saved/FX_checkpoint_CueB11A05B64FFABBC2F41C8DAD698629A9.tmp' to 'D:/GITHUB/The_Gathering_Game/Demo/Content/Andre/Sounds/FX/FX_checkpoint_Cue.uasset'
[2019.11.26-18.14.49:017][612]LogAssetEditorManager: Opening Asset editor for Blueprint /Game/Andre/BluePrints/interactables/BP_key.BP_key
[2019.11.26-18.15.13:521][231]Cmd: OBJ SAVEPACKAGE PACKAGE="/Game/Andre/BluePrints/interactables/BP_key" FILE="D:/GITHUB/The_Gathering_Game/Demo/Content/Andre/BluePrints/interactables/BP_key.uasset" SILENT=true
[2019.11.26-18.15.13:557][231]LogSavePackage: Moving 'D:/GITHUB/The_Gathering_Game/Demo/Saved/BP_key8773C5794173E75934CC1F82B51AC9AD.tmp' to 'D:/GITHUB/The_Gathering_Game/Demo/Content/Andre/BluePrints/interactables/BP_key.uasset'
[2019.11.26-18.15.14:345][316]BlueprintLog: New page: Compile BP_key
[2019.11.26-18.15.14:537][316]LogUObjectHash: Compacting FUObjectHashTables data took   2.82ms
[2019.11.26-18.15.24:680][282]Cmd: OBJ SAVEPACKAGE PACKAGE="/Game/Andre/menu/Main_Menu_Map" FILE="D:/GITHUB/The_Gathering_Game/Demo/Content/Andre/menu/Main_Menu_Map.umap" SILENT=true AUTOSAVING=false KEEPDIRTY=false
[2019.11.26-18.15.24:718][282]LogUObjectHash: Compacting FUObjectHashTables data took   2.98ms
[2019.11.26-18.15.24:919][282]LogSavePackage: Moving 'D:/GITHUB/The_Gathering_Game/Demo/Saved/Main_Menu_Map2BFCD03A42284ECA9F74568EC1D74585.tmp' to 'D:/GITHUB/The_Gathering_Game/Demo/Content/Andre/menu/Main_Menu_Map.umap'
[2019.11.26-18.15.28:215][648]LogEditorViewport: Clicking Background
[2019.11.26-18.15.29:812][835]LogSlate: FSceneViewport::OnFocusLost() reason 0
[2019.11.26-18.15.29:853][840]LogTemp: Repeating last play command: Standalone Game
[2019.11.26-18.15.29:908][840]LogUObjectHash: Compacting FUObjectHashTables data took   3.33ms
[2019.11.26-18.16.21:272][990]BlueprintLog: New page: Compile BP_key
[2019.11.26-18.16.21:464][990]LogUObjectHash: Compacting FUObjectHashTables data took   3.55ms
[2019.11.26-18.16.21:865][ 26]Cmd: OBJ SAVEPACKAGE PACKAGE="/Game/Andre/BluePrints/interactables/BP_key" FILE="D:/GITHUB/The_Gathering_Game/Demo/Content/Andre/BluePrints/interactables/BP_key.uasset" SILENT=true
[2019.11.26-18.16.21:897][ 26]LogSavePackage: Moving 'D:/GITHUB/The_Gathering_Game/Demo/Saved/BP_key3A7862204F4684290A5023BEAC787A85.tmp' to 'D:/GITHUB/The_Gathering_Game/Demo/Content/Andre/BluePrints/interactables/BP_key.uasset'
[2019.11.26-18.16.22:680][104]LogSlate: Window 'BP_key' being destroyed
[2019.11.26-18.16.22:686][104]LogSlate: Window 'BP_key' being destroyed
[2019.11.26-18.16.23:707][216]LogTemp: Repeating last play command: Standalone Game
[2019.11.26-18.16.23:760][216]LogUObjectHash: Compacting FUObjectHashTables data took   3.04ms
[2019.11.26-18.16.49:543][561]LogAssetEditorManager: Opening Asset editor for Blueprint /Game/Andre/BluePrints/interactables/BP_key.BP_key
[2019.11.26-18.17.06:190][882]Cmd: OBJ SAVEPACKAGE PACKAGE="/Game/Andre/BluePrints/interactables/BP_key" FILE="D:/GITHUB/The_Gathering_Game/Demo/Content/Andre/BluePrints/interactables/BP_key.uasset" SILENT=true
[2019.11.26-18.17.06:214][882]LogSavePackage: Moving 'D:/GITHUB/The_Gathering_Game/Demo/Saved/BP_keyA18564764AA5CBEB37D23F883A9481EC.tmp' to 'D:/GITHUB/The_Gathering_Game/Demo/Content/Andre/BluePrints/interactables/BP_key.uasset'
[2019.11.26-18.17.06:560][910]BlueprintLog: New page: Compile BP_key
[2019.11.26-18.17.06:752][910]LogUObjectHash: Compacting FUObjectHashTables data took   2.83ms
[2019.11.26-18.17.08:812][106]LogSlate: Window 'BP_key' being destroyed
[2019.11.26-18.17.08:819][106]LogSlate: Window 'BP_key' being destroyed
[2019.11.26-18.17.12:894][581]LogTemp: Repeating last play command: Standalone Game
[2019.11.26-18.17.12:944][581]LogUObjectHash: Compacting FUObjectHashTables data took   2.56ms
[2019.11.26-18.18.25:463][261]LogAIModule: Creating AISystem for world level_tutorial
[2019.11.26-18.18.25:501][261]LogAssetEditorManager: Opening Asset editor for World /Game/Andre/Levels/level_tutorial.level_tutorial
[2019.11.26-18.18.25:538][261]LogUObjectHash: Compacting FUObjectHashTables data took   3.13ms
[2019.11.26-18.18.25:540][261]Cmd: MAP LOAD FILE="D:/GITHUB/The_Gathering_Game/Demo/Content/Andre/Levels/level_tutorial.umap" TEMPLATE=0 SHOWPROGRESS=1 FEATURELEVEL=3
[2019.11.26-18.18.25:540][261]LightingResults: New page: Lighting Build
[2019.11.26-18.18.25:540][261]LoadErrors: New page: Loading map: level_tutorial.umap
[2019.11.26-18.18.25:541][261]MapCheck: New page: Map Check
[2019.11.26-18.18.25:541][261]LightingResults: New page: Lighting Build
[2019.11.26-18.18.25:570][261]LogUObjectHash: Compacting FUObjectHashTables data took   3.80ms
[2019.11.26-18.18.25:802][261]LogEditorServer: Finished looking for orphan Actors (0.000 secs)
[2019.11.26-18.18.25:834][261]LogUObjectHash: Compacting FUObjectHashTables data took   2.09ms
[2019.11.26-18.18.25:874][261]Cmd: MAP CHECKDEP NOCLEARLOG
[2019.11.26-18.18.25:875][261]MapCheck: Map check complete: 0 Error(s), 0 Warning(s), took 0.315ms to complete.
[2019.11.26-18.18.25:875][261]LogFileHelpers: Loading map 'level_tutorial' took 0.336
[2019.11.26-18.18.28:015][448]LogSlate: FSceneViewport::OnFocusLost() reason 2
[2019.11.26-18.18.29:069][566]LogSlate: FSceneViewport::OnFocusLost() reason 2
[2019.11.26-18.18.30:355][719]LogEditorViewport: Clicking on Actor (context menu): BP_Checkpoint_C (BP_Checkpoint2)
[2019.11.26-18.18.30:436][719]LogSlate: FSceneViewport::OnFocusLost() reason 2
[2019.11.26-18.18.33:230][ 20]LogBlueprintUserMessages: Early PlayInEditor Detection: Level '/Game/Andre/Levels/level_tutorial.level_tutorial:PersistentLevel' has LevelScriptBlueprint '/Game/Andre/Levels/level_tutorial.level_tutorial:PersistentLevel.level_tutorial' with GeneratedClass '/Game/Andre/Levels/level_tutorial.level_tutorial_C' with ClassGeneratedBy '/Game/Andre/Levels/level_tutorial.level_tutorial:PersistentLevel.level_tutorial'
[2019.11.26-18.18.33:236][ 20]LogPlayLevel: PlayLevel: No blueprints needed recompiling
[2019.11.26-18.18.33:237][ 20]PIE: New page: PIE session: level_tutorial (Nov 26, 2019, 6:18:33 AM)
[2019.11.26-18.18.33:251][ 20]LogPlayLevel: Creating play world package: /Game/Andre/Levels/UEDPIE_0_level_tutorial
[2019.11.26-18.18.33:264][ 20]LogPlayLevel: PIE: StaticDuplicateObject took: (0.013548s)
[2019.11.26-18.18.33:265][ 20]LogAIModule: Creating AISystem for world level_tutorial
[2019.11.26-18.18.33:266][ 20]LogPlayLevel: PIE: World Init took: (0.001046s)
[2019.11.26-18.18.33:266][ 20]LogPlayLevel: PIE: Created PIE world by copying editor world from /Game/Andre/Levels/level_tutorial.level_tutorial to /Game/Andre/Levels/UEDPIE_0_level_tutorial.level_tutorial (0.014887s)
[2019.11.26-18.18.33:299][ 20]LogUObjectHash: Compacting FUObjectHashTables data took   2.00ms
[2019.11.26-18.18.33:308][ 20]LogInit: XAudio2 using 'Speakers (Conexant SmartAudio HD)' : 2 channels at 48 kHz using 32 bits per sample (channel mask 0x3)
[2019.11.26-18.18.33:344][ 20]LogInit: FAudioDevice initialized.
[2019.11.26-18.18.33:345][ 20]LogSlate: FSceneViewport::OnFocusLost() reason 2
[2019.11.26-18.18.33:385][ 20]LogLoad: Game class is 'Rand_test_C'
[2019.11.26-18.18.33:396][ 20]LogWorld: Bringing World /Game/Andre/Levels/UEDPIE_0_level_tutorial.level_tutorial up for play (max tick rate 0) at 2019.11.26-12.18.33
[2019.11.26-18.18.33:400][ 20]LogWorld: Bringing up level for play took: 0.012795
[2019.11.26-18.18.33:417][ 20]LogBlueprintUserMessages: [BP_Checkpoint2_2] Checkpoint Cleared
[2019.11.26-18.18.33:423][ 20]LogBlueprintActionDatabase: Requesting refresh due to module change: Voice (loaded)
[2019.11.26-18.18.33:428][ 20]LogBlueprintActionDatabase: Requesting refresh due to module change: MovieSceneCapture (loaded)
[2019.11.26-18.18.33:428][ 20]LogContentBrowser: Native class hierarchy updated for 'MovieSceneCapture' in 0.0004 seconds. Added 20 classes and 0 folders.
[2019.11.26-18.18.33:430][ 20]LogBlueprintUserMessages: [BP_Checkpoint2_2] Checkpoint Cleared
[2019.11.26-18.18.33:432][ 20]PIE: Play in editor start time for /Game/Andre/Levels/UEDPIE_0_level_tutorial 0.789
[2019.11.26-18.18.33:432][ 20]LogBlueprintUserMessages: Late PlayInEditor Detection: Level '/Game/Andre/Levels/level_tutorial.level_tutorial:PersistentLevel' has LevelScriptBlueprint '/Game/Andre/Levels/level_tutorial.level_tutorial:PersistentLevel.level_tutorial' with GeneratedClass '/Game/Andre/Levels/level_tutorial.level_tutorial_C' with ClassGeneratedBy '/Game/Andre/Levels/level_tutorial.level_tutorial:PersistentLevel.level_tutorial'
[2019.11.26-18.18.37:125][344]LogBlueprintUserMessages: Early EndPlayMap Detection: Level '/Game/Andre/Levels/level_tutorial.level_tutorial:PersistentLevel' has LevelScriptBlueprint '/Game/Andre/Levels/level_tutorial.level_tutorial:PersistentLevel.level_tutorial' with GeneratedClass '/Game/Andre/Levels/level_tutorial.level_tutorial_C' with ClassGeneratedBy '/Game/Andre/Levels/level_tutorial.level_tutorial:PersistentLevel.level_tutorial'
[2019.11.26-18.18.37:125][344]LogSlate: Updating window title bar state: overlay mode, drag disabled, window buttons hidden, title bar hidden
[2019.11.26-18.18.37:170][344]LogPlayLevel: Display: Shutting down PIE online subsystems
[2019.11.26-18.18.37:170][344]LogBlueprintUserMessages: Late EndPlayMap Detection: Level '/Game/Andre/Levels/level_tutorial.level_tutorial:PersistentLevel' has LevelScriptBlueprint '/Game/Andre/Levels/level_tutorial.level_tutorial:PersistentLevel.level_tutorial' with GeneratedClass '/Game/Andre/Levels/level_tutorial.level_tutorial_C' with ClassGeneratedBy '/Game/Andre/Levels/level_tutorial.level_tutorial:PersistentLevel.level_tutorial'
[2019.11.26-18.18.37:229][344]LogSlate: Updating window title bar state: overlay mode, drag disabled, window buttons hidden, title bar hidden
[2019.11.26-18.18.37:271][344]LogUObjectHash: Compacting FUObjectHashTables data took   4.89ms
[2019.11.26-18.18.37:286][345]LogPlayLevel: Display: Destroying online subsystem :Context_9
[2019.11.26-18.18.39:166][556]LogTemp: Repeating last play command: Standalone Game
[2019.11.26-18.18.39:240][556]LogUObjectHash: Compacting FUObjectHashTables data took   2.70ms
